- (2676 ms) - 2018-7-4 19:24:31[DEBUG](MutablePropertySources.java:108) Adding [servletConfigInitParams] PropertySource with lowest search precedence
- (2680 ms) - 2018-7-4 19:24:31[DEBUG](MutablePropertySources.java:108) Adding [servletContextInitParams] PropertySource with lowest search precedence
- (2681 ms) - 2018-7-4 19:24:31[DEBUG](MutablePropertySources.java:108) Adding [jndiProperties] PropertySource with lowest search precedence
- (2681 ms) - 2018-7-4 19:24:31[DEBUG](MutablePropertySources.java:108) Adding [systemProperties] PropertySource with lowest search precedence
- (2681 ms) - 2018-7-4 19:24:31[DEBUG](MutablePropertySources.java:108) Adding [systemEnvironment] PropertySource with lowest search precedence
- (2682 ms) - 2018-7-4 19:24:31[DEBUG](AbstractEnvironment.java:126) Initialized StandardServletEnvironment with PropertySources [servletConfigInitParams,servletContextInitParams,jndiProperties,systemProperties,systemEnvironment]
- (2682 ms) - 2018-7-4 19:24:31[DEBUG](GenericFilterBean.java:172) Initializing filter 'encodingFilter'
- (2695 ms) - 2018-7-4 19:24:31[DEBUG](GenericFilterBean.java:197) Filter 'encodingFilter' configured successfully
- (2701 ms) - 2018-7-4 19:24:31[DEBUG](HttpServletBean.java:118) Initializing servlet 'spring'
- (2703 ms) - 2018-7-4 19:24:31[DEBUG](MutablePropertySources.java:108) Adding [servletConfigInitParams] PropertySource with lowest search precedence
- (2704 ms) - 2018-7-4 19:24:31[DEBUG](MutablePropertySources.java:108) Adding [servletContextInitParams] PropertySource with lowest search precedence
- (2704 ms) - 2018-7-4 19:24:31[DEBUG](MutablePropertySources.java:108) Adding [jndiProperties] PropertySource with lowest search precedence
- (2705 ms) - 2018-7-4 19:24:31[DEBUG](MutablePropertySources.java:108) Adding [systemProperties] PropertySource with lowest search precedence
- (2705 ms) - 2018-7-4 19:24:31[DEBUG](MutablePropertySources.java:108) Adding [systemEnvironment] PropertySource with lowest search precedence
- (2705 ms) - 2018-7-4 19:24:31[DEBUG](AbstractEnvironment.java:126) Initialized StandardServletEnvironment with PropertySources [servletConfigInitParams,servletContextInitParams,jndiProperties,systemProperties,systemEnvironment]
- (2720 ms) - 2018-7-4 19:24:31[ INFO](FrameworkServlet.java:457) FrameworkServlet 'spring': initialization started
- (2721 ms) - 2018-7-4 19:24:31[DEBUG](FrameworkServlet.java:585) Servlet with name 'spring' will try to create custom WebApplicationContext context of class 'org.springframework.web.context.support.XmlWebApplicationContext', using parent context [Root WebApplicationContext: startup date [Wed Jul 04 19:24:28 CST 2018]; root of context hierarchy]
- (2721 ms) - 2018-7-4 19:24:31[DEBUG](PropertySourcesPropertyResolver.java:81) Searching for key 'spring.profiles.active' in [servletConfigInitParams]
- (2722 ms) - 2018-7-4 19:24:31[DEBUG](PropertySourcesPropertyResolver.java:81) Searching for key 'spring.profiles.active' in [servletContextInitParams]
- (2722 ms) - 2018-7-4 19:24:31[DEBUG](PropertySourcesPropertyResolver.java:81) Searching for key 'spring.profiles.active' in [jndiProperties]
- (2722 ms) - 2018-7-4 19:24:31[DEBUG](JndiTemplate.java:150) Looking up JNDI object with name [java:comp/env/spring.profiles.active]
- (2723 ms) - 2018-7-4 19:24:31[DEBUG](JndiLocatorSupport.java:101) Converted JNDI name [java:comp/env/spring.profiles.active] not found - trying original name [spring.profiles.active]. javax.naming.NameNotFoundException: Name [spring.profiles.active] is not bound in this Context. Unable to find [spring.profiles.active].
- (2723 ms) - 2018-7-4 19:24:31[DEBUG](JndiTemplate.java:150) Looking up JNDI object with name [spring.profiles.active]
- (2723 ms) - 2018-7-4 19:24:31[DEBUG](JndiPropertySource.java:90) JNDI lookup for name [spring.profiles.active] threw NamingException with message: Name [spring.profiles.active] is not bound in this Context. Unable to find [spring.profiles.active].. Returning null.
- (2724 ms) - 2018-7-4 19:24:31[DEBUG](PropertySourcesPropertyResolver.java:81) Searching for key 'spring.profiles.active' in [systemProperties]
- (2724 ms) - 2018-7-4 19:24:31[DEBUG](PropertySourcesPropertyResolver.java:81) Searching for key 'spring.profiles.active' in [systemEnvironment]
- (2725 ms) - 2018-7-4 19:24:31[DEBUG](PropertySourcesPropertyResolver.java:103) Could not find key 'spring.profiles.active' in any property source. Returning [null]
- (2726 ms) - 2018-7-4 19:24:31[DEBUG](PropertySourcesPropertyResolver.java:81) Searching for key 'spring.profiles.default' in [servletConfigInitParams]
- (2726 ms) - 2018-7-4 19:24:31[DEBUG](PropertySourcesPropertyResolver.java:81) Searching for key 'spring.profiles.default' in [servletContextInitParams]
- (2726 ms) - 2018-7-4 19:24:31[DEBUG](PropertySourcesPropertyResolver.java:81) Searching for key 'spring.profiles.default' in [jndiProperties]
- (2726 ms) - 2018-7-4 19:24:31[DEBUG](JndiTemplate.java:150) Looking up JNDI object with name [java:comp/env/spring.profiles.default]
- (2727 ms) - 2018-7-4 19:24:31[DEBUG](JndiLocatorSupport.java:101) Converted JNDI name [java:comp/env/spring.profiles.default] not found - trying original name [spring.profiles.default]. javax.naming.NameNotFoundException: Name [spring.profiles.default] is not bound in this Context. Unable to find [spring.profiles.default].
- (2727 ms) - 2018-7-4 19:24:31[DEBUG](JndiTemplate.java:150) Looking up JNDI object with name [spring.profiles.default]
- (2727 ms) - 2018-7-4 19:24:31[DEBUG](JndiPropertySource.java:90) JNDI lookup for name [spring.profiles.default] threw NamingException with message: Name [spring.profiles.default] is not bound in this Context. Unable to find [spring.profiles.default].. Returning null.
- (2728 ms) - 2018-7-4 19:24:31[DEBUG](PropertySourcesPropertyResolver.java:81) Searching for key 'spring.profiles.default' in [systemProperties]
- (2729 ms) - 2018-7-4 19:24:31[DEBUG](PropertySourcesPropertyResolver.java:81) Searching for key 'spring.profiles.default' in [systemEnvironment]
- (2730 ms) - 2018-7-4 19:24:31[DEBUG](PropertySourcesPropertyResolver.java:103) Could not find key 'spring.profiles.default' in any property source. Returning [null]
- (2730 ms) - 2018-7-4 19:24:31[DEBUG](PropertySourcesPropertyResolver.java:81) Searching for key 'spring.profiles.default' in [servletConfigInitParams]
- (2731 ms) - 2018-7-4 19:24:31[DEBUG](PropertySourcesPropertyResolver.java:81) Searching for key 'spring.profiles.default' in [servletContextInitParams]
- (2731 ms) - 2018-7-4 19:24:31[DEBUG](PropertySourcesPropertyResolver.java:81) Searching for key 'spring.profiles.default' in [jndiProperties]
- (2732 ms) - 2018-7-4 19:24:31[DEBUG](JndiTemplate.java:150) Looking up JNDI object with name [java:comp/env/spring.profiles.default]
- (2732 ms) - 2018-7-4 19:24:31[DEBUG](JndiLocatorSupport.java:101) Converted JNDI name [java:comp/env/spring.profiles.default] not found - trying original name [spring.profiles.default]. javax.naming.NameNotFoundException: Name [spring.profiles.default] is not bound in this Context. Unable to find [spring.profiles.default].
- (2733 ms) - 2018-7-4 19:24:31[DEBUG](JndiTemplate.java:150) Looking up JNDI object with name [spring.profiles.default]
- (2733 ms) - 2018-7-4 19:24:31[DEBUG](JndiPropertySource.java:90) JNDI lookup for name [spring.profiles.default] threw NamingException with message: Name [spring.profiles.default] is not bound in this Context. Unable to find [spring.profiles.default].. Returning null.
- (2733 ms) - 2018-7-4 19:24:31[DEBUG](PropertySourcesPropertyResolver.java:81) Searching for key 'spring.profiles.default' in [systemProperties]
- (2734 ms) - 2018-7-4 19:24:31[DEBUG](PropertySourcesPropertyResolver.java:81) Searching for key 'spring.profiles.default' in [systemEnvironment]
- (2734 ms) - 2018-7-4 19:24:31[DEBUG](PropertySourcesPropertyResolver.java:103) Could not find key 'spring.profiles.default' in any property source. Returning [null]
- (2736 ms) - 2018-7-4 19:24:31[DEBUG](MutablePropertySources.java:173) Replacing [servletContextInitParams] PropertySource with [servletContextInitParams]
- (2737 ms) - 2018-7-4 19:24:31[DEBUG](MutablePropertySources.java:173) Replacing [servletConfigInitParams] PropertySource with [servletConfigInitParams]
- (2738 ms) - 2018-7-4 19:24:31[ INFO](AbstractApplicationContext.java:512) Refreshing WebApplicationContext for namespace 'spring-servlet': startup date [Wed Jul 04 19:24:31 CST 2018]; parent: Root WebApplicationContext
- (2740 ms) - 2018-7-4 19:24:31[DEBUG](MutablePropertySources.java:108) Adding [systemProperties] PropertySource with lowest search precedence
- (2741 ms) - 2018-7-4 19:24:31[DEBUG](MutablePropertySources.java:108) Adding [systemEnvironment] PropertySource with lowest search precedence
- (2741 ms) - 2018-7-4 19:24:31[DEBUG](AbstractEnvironment.java:126) Initialized StandardEnvironment with PropertySources [systemProperties,systemEnvironment]
- (2742 ms) - 2018-7-4 19:24:31[ INFO](XmlBeanDefinitionReader.java:316) Loading XML bean definitions from URL [file:/D:/SSMProject/easybuy/easybuy-reception/target/easybuy-reception/WEB-INF/classes/springmvc-servlet.xml]
- (2745 ms) - 2018-7-4 19:24:31[DEBUG](DefaultDocumentLoader.java:72) Using JAXP provider [com.sun.org.apache.xerces.internal.jaxp.DocumentBuilderFactoryImpl]
- (2748 ms) - 2018-7-4 19:24:31[DEBUG](PluggableSchemaResolver.java:140) Loading schema mappings from [META-INF/spring.schemas]
- (2750 ms) - 2018-7-4 19:24:31[DEBUG](PluggableSchemaResolver.java:146) Loaded schema mappings: {http://mybatis.org/schema/mybatis-spring-1.2.xsd=org/mybatis/spring/config/mybatis-spring-1.2.xsd, http://www.springframework.org/schema/jee/spring-jee-3.2.xsd=org/springframework/ejb/config/spring-jee-3.2.xsd, http://www.springframework.org/schema/util/spring-util.xsd=org/springframework/beans/factory/xml/spring-util-3.2.xsd, http://www.springframework.org/schema/mvc/spring-mvc-3.1.xsd=org/springframework/web/servlet/config/spring-mvc-3.1.xsd, http://www.springframework.org/schema/task/spring-task.xsd=org/springframework/scheduling/config/spring-task-3.2.xsd, http://www.springframework.org/schema/beans/spring-beans-3.1.xsd=org/springframework/beans/factory/xml/spring-beans-3.1.xsd, http://www.springframework.org/schema/cache/spring-cache.xsd=org/springframework/cache/config/spring-cache-3.2.xsd, http://www.springframework.org/schema/aop/spring-aop-3.0.xsd=org/springframework/aop/config/spring-aop-3.0.xsd, http://www.springframework.org/schema/task/spring-task-3.1.xsd=org/springframework/scheduling/config/spring-task-3.1.xsd, http://www.springframework.org/schema/aop/spring-aop-2.0.xsd=org/springframework/aop/config/spring-aop-2.0.xsd, http://www.springframework.org/schema/tool/spring-tool-2.5.xsd=org/springframework/beans/factory/xml/spring-tool-2.5.xsd, http://www.springframework.org/schema/beans/spring-beans.xsd=org/springframework/beans/factory/xml/spring-beans-3.2.xsd, http://www.springframework.org/schema/jee/spring-jee-2.5.xsd=org/springframework/ejb/config/spring-jee-2.5.xsd, http://www.springframework.org/schema/jdbc/spring-jdbc-3.1.xsd=org/springframework/jdbc/config/spring-jdbc-3.1.xsd, http://www.springframework.org/schema/tool/spring-tool-3.1.xsd=org/springframework/beans/factory/xml/spring-tool-3.1.xsd, http://www.springframework.org/schema/jee/spring-jee-3.1.xsd=org/springframework/ejb/config/spring-jee-3.1.xsd, http://www.springframework.org/schema/aop/spring-aop.xsd=org/springframework/aop/config/spring-aop-3.2.xsd, http://www.springframework.org/schema/tx/spring-tx-3.2.xsd=org/springframework/transaction/config/spring-tx-3.2.xsd, http://www.springframework.org/schema/context/spring-context-3.2.xsd=org/springframework/context/config/spring-context-3.2.xsd, http://www.springframework.org/schema/beans/spring-beans-2.0.xsd=org/springframework/beans/factory/xml/spring-beans-2.0.xsd, http://www.springframework.org/schema/util/spring-util-3.2.xsd=org/springframework/beans/factory/xml/spring-util-3.2.xsd, http://www.springframework.org/schema/mvc/spring-mvc-3.0.xsd=org/springframework/web/servlet/config/spring-mvc-3.0.xsd, http://www.springframework.org/schema/lang/spring-lang-3.2.xsd=org/springframework/scripting/config/spring-lang-3.2.xsd, http://www.springframework.org/schema/beans/spring-beans-3.0.xsd=org/springframework/beans/factory/xml/spring-beans-3.0.xsd, http://www.springframework.org/schema/cache/spring-cache-3.2.xsd=org/springframework/cache/config/spring-cache-3.2.xsd, http://www.springframework.org/schema/task/spring-task-3.0.xsd=org/springframework/scheduling/config/spring-task-3.0.xsd, http://mybatis.org/schema/mybatis-spring.xsd=org/mybatis/spring/config/mybatis-spring-1.2.xsd, http://www.springframework.org/schema/tx/spring-tx-2.5.xsd=org/springframework/transaction/config/spring-tx-2.5.xsd, http://www.springframework.org/schema/context/spring-context-2.5.xsd=org/springframework/context/config/spring-context-2.5.xsd, http://www.springframework.org/schema/jdbc/spring-jdbc-3.0.xsd=org/springframework/jdbc/config/spring-jdbc-3.0.xsd, http://www.springframework.org/schema/tool/spring-tool-3.0.xsd=org/springframework/beans/factory/xml/spring-tool-3.0.xsd, http://www.springframework.org/schema/tx/spring-tx.xsd=org/springframework/transaction/config/spring-tx-3.2.xsd, http://www.springframework.org/schema/lang/spring-lang.xsd=org/springframework/scripting/config/spring-lang-3.2.xsd, http://www.springframework.org/schema/tool/spring-tool-2.0.xsd=org/springframework/beans/factory/xml/spring-tool-2.0.xsd, http://www.springframework.org/schema/util/spring-util-2.5.xsd=org/springframework/beans/factory/xml/spring-util-2.5.xsd, http://www.springframework.org/schema/lang/spring-lang-2.5.xsd=org/springframework/scripting/config/spring-lang-2.5.xsd, http://www.springframework.org/schema/aop/spring-aop-3.2.xsd=org/springframework/aop/config/spring-aop-3.2.xsd, http://www.springframework.org/schema/jee/spring-jee-3.0.xsd=org/springframework/ejb/config/spring-jee-3.0.xsd, http://www.springframework.org/schema/tx/spring-tx-3.1.xsd=org/springframework/transaction/config/spring-tx-3.1.xsd, http://www.springframework.org/schema/jee/spring-jee-2.0.xsd=org/springframework/ejb/config/spring-jee-2.0.xsd, http://www.springframework.org/schema/context/spring-context-3.1.xsd=org/springframework/context/config/spring-context-3.1.xsd, http://www.springframework.org/schema/util/spring-util-3.1.xsd=org/springframework/beans/factory/xml/spring-util-3.1.xsd, http://www.springframework.org/schema/lang/spring-lang-3.1.xsd=org/springframework/scripting/config/spring-lang-3.1.xsd, http://www.springframework.org/schema/cache/spring-cache-3.1.xsd=org/springframework/cache/config/spring-cache-3.1.xsd, http://www.springframework.org/schema/context/spring-context.xsd=org/springframework/context/config/spring-context-3.2.xsd, http://www.springframework.org/schema/jee/spring-jee.xsd=org/springframework/ejb/config/spring-jee-3.2.xsd, http://www.springframework.org/schema/aop/spring-aop-2.5.xsd=org/springframework/aop/config/spring-aop-2.5.xsd, http://www.springframework.org/schema/mvc/spring-mvc.xsd=org/springframework/web/servlet/config/spring-mvc-3.2.xsd, http://www.springframework.org/schema/mvc/spring-mvc-3.2.xsd=org/springframework/web/servlet/config/spring-mvc-3.2.xsd, http://www.springframework.org/schema/jdbc/spring-jdbc.xsd=org/springframework/jdbc/config/spring-jdbc-3.2.xsd, http://www.springframework.org/schema/beans/spring-beans-3.2.xsd=org/springframework/beans/factory/xml/spring-beans-3.2.xsd, http://www.springframework.org/schema/tx/spring-tx-2.0.xsd=org/springframework/transaction/config/spring-tx-2.0.xsd, http://www.springframework.org/schema/aop/spring-aop-3.1.xsd=org/springframework/aop/config/spring-aop-3.1.xsd, http://www.springframework.org/schema/task/spring-task-3.2.xsd=org/springframework/scheduling/config/spring-task-3.2.xsd, http://www.springframework.org/schema/tx/spring-tx-3.0.xsd=org/springframework/transaction/config/spring-tx-3.0.xsd, http://www.springframework.org/schema/context/spring-context-3.0.xsd=org/springframework/context/config/spring-context-3.0.xsd, http://www.springframework.org/schema/tool/spring-tool.xsd=org/springframework/beans/factory/xml/spring-tool-3.2.xsd, http://www.springframework.org/schema/util/spring-util-3.0.xsd=org/springframework/beans/factory/xml/spring-util-3.0.xsd, http://www.springframework.org/schema/lang/spring-lang-3.0.xsd=org/springframework/scripting/config/spring-lang-3.0.xsd, http://www.springframework.org/schema/util/spring-util-2.0.xsd=org/springframework/beans/factory/xml/spring-util-2.0.xsd, http://www.springframework.org/schema/lang/spring-lang-2.0.xsd=org/springframework/scripting/config/spring-lang-2.0.xsd, http://www.springframework.org/schema/jdbc/spring-jdbc-3.2.xsd=org/springframework/jdbc/config/spring-jdbc-3.2.xsd, http://www.springframework.org/schema/tool/spring-tool-3.2.xsd=org/springframework/beans/factory/xml/spring-tool-3.2.xsd, http://www.springframework.org/schema/beans/spring-beans-2.5.xsd=org/springframework/beans/factory/xml/spring-beans-2.5.xsd}
- (2753 ms) - 2018-7-4 19:24:31[DEBUG](PluggableSchemaResolver.java:118) Found XML schema [http://www.springframework.org/schema/beans/spring-beans.xsd] in classpath: org/springframework/beans/factory/xml/spring-beans-3.2.xsd
- (2761 ms) - 2018-7-4 19:24:31[DEBUG](PluggableSchemaResolver.java:118) Found XML schema [http://www.springframework.org/schema/context/spring-context.xsd] in classpath: org/springframework/context/config/spring-context-3.2.xsd
- (2764 ms) - 2018-7-4 19:24:31[DEBUG](PluggableSchemaResolver.java:118) Found XML schema [http://www.springframework.org/schema/tool/spring-tool-3.2.xsd] in classpath: org/springframework/beans/factory/xml/spring-tool-3.2.xsd
- (2770 ms) - 2018-7-4 19:24:31[DEBUG](PluggableSchemaResolver.java:118) Found XML schema [http://www.springframework.org/schema/mvc/spring-mvc.xsd] in classpath: org/springframework/web/servlet/config/spring-mvc-3.2.xsd
- (2775 ms) - 2018-7-4 19:24:31[DEBUG](DefaultBeanDefinitionDocumentReader.java:99) Loading bean definitions
- (2777 ms) - 2018-7-4 19:24:31[DEBUG](DefaultNamespaceHandlerResolver.java:156) Loaded NamespaceHandler mappings: {http://www.springframework.org/schema/p=org.springframework.beans.factory.xml.SimplePropertyNamespaceHandler, http://www.springframework.org/schema/mvc=org.springframework.web.servlet.config.MvcNamespaceHandler, http://www.springframework.org/schema/util=org.springframework.beans.factory.xml.UtilNamespaceHandler, http://www.springframework.org/schema/jee=org.springframework.ejb.config.JeeNamespaceHandler, http://www.springframework.org/schema/aop=org.springframework.aop.config.AopNamespaceHandler, http://www.springframework.org/schema/jdbc=org.springframework.jdbc.config.JdbcNamespaceHandler, http://www.springframework.org/schema/cache=org.springframework.cache.config.CacheNamespaceHandler, http://mybatis.org/schema/mybatis-spring=org.mybatis.spring.config.NamespaceHandler, http://www.springframework.org/schema/c=org.springframework.beans.factory.xml.SimpleConstructorNamespaceHandler, http://www.springframework.org/schema/tx=org.springframework.transaction.config.TxNamespaceHandler, http://www.springframework.org/schema/task=org.springframework.scheduling.config.TaskNamespaceHandler, http://www.springframework.org/schema/lang=org.springframework.scripting.config.LangNamespaceHandler, http://www.springframework.org/schema/context=org.springframework.context.config.ContextNamespaceHandler}
- (2779 ms) - 2018-7-4 19:24:31[DEBUG](MutablePropertySources.java:108) Adding [systemProperties] PropertySource with lowest search precedence
- (2780 ms) - 2018-7-4 19:24:31[DEBUG](MutablePropertySources.java:108) Adding [systemEnvironment] PropertySource with lowest search precedence
- (2780 ms) - 2018-7-4 19:24:31[DEBUG](AbstractEnvironment.java:126) Initialized StandardEnvironment with PropertySources [systemProperties,systemEnvironment]
- (2782 ms) - 2018-7-4 19:24:31[DEBUG](ClassPathScanningCandidateComponentProvider.java:231) JSR-250 'javax.annotation.ManagedBean' found and supported for component scanning
- (2786 ms) - 2018-7-4 19:24:31[DEBUG](PathMatchingResourcePatternResolver.java:553) Looking for matching resources in directory tree [D:\SSMProject\easybuy\easybuy-reception\target\easybuy-reception\WEB-INF\classes\cn\qzt\controller]
- (2786 ms) - 2018-7-4 19:24:31[DEBUG](PathMatchingResourcePatternResolver.java:615) Searching directory [D:\SSMProject\easybuy\easybuy-reception\target\easybuy-reception\WEB-INF\classes\cn\qzt\controller] for files matching pattern [D:/SSMProject/easybuy/easybuy-reception/target/easybuy-reception/WEB-INF/classes/cn/qzt/controller/**/*.class]
- (2789 ms) - 2018-7-4 19:24:31[DEBUG](PathMatchingResourcePatternResolver.java:354) Resolved location pattern [classpath*:cn/qzt/controller/**/*.class] to resources [file [D:\SSMProject\easybuy\easybuy-reception\target\easybuy-reception\WEB-INF\classes\cn\qzt\controller\EasybuyNewsController.class], file [D:\SSMProject\easybuy\easybuy-reception\target\easybuy-reception\WEB-INF\classes\cn\qzt\controller\EasybuyOrderDetailController.class], file [D:\SSMProject\easybuy\easybuy-reception\target\easybuy-reception\WEB-INF\classes\cn\qzt\controller\EasybuyProductCategoryController.class], file [D:\SSMProject\easybuy\easybuy-reception\target\easybuy-reception\WEB-INF\classes\cn\qzt\controller\EasybuyProductController.class], file [D:\SSMProject\easybuy\easybuy-reception\target\easybuy-reception\WEB-INF\classes\cn\qzt\controller\EasybuyUserController.class], file [D:\SSMProject\easybuy\easybuy-reception\target\easybuy-reception\WEB-INF\classes\cn\qzt\controller\LoginController.class]]
- (2799 ms) - 2018-7-4 19:24:31[DEBUG](ClassPathScanningCandidateComponentProvider.java:273) Identified candidate component class: file [D:\SSMProject\easybuy\easybuy-reception\target\easybuy-reception\WEB-INF\classes\cn\qzt\controller\EasybuyNewsController.class]
- (2801 ms) - 2018-7-4 19:24:31[DEBUG](ClassPathScanningCandidateComponentProvider.java:273) Identified candidate component class: file [D:\SSMProject\easybuy\easybuy-reception\target\easybuy-reception\WEB-INF\classes\cn\qzt\controller\EasybuyOrderDetailController.class]
- (2802 ms) - 2018-7-4 19:24:31[DEBUG](ClassPathScanningCandidateComponentProvider.java:273) Identified candidate component class: file [D:\SSMProject\easybuy\easybuy-reception\target\easybuy-reception\WEB-INF\classes\cn\qzt\controller\EasybuyProductCategoryController.class]
- (2804 ms) - 2018-7-4 19:24:31[DEBUG](ClassPathScanningCandidateComponentProvider.java:273) Identified candidate component class: file [D:\SSMProject\easybuy\easybuy-reception\target\easybuy-reception\WEB-INF\classes\cn\qzt\controller\EasybuyProductController.class]
- (2806 ms) - 2018-7-4 19:24:31[DEBUG](ClassPathScanningCandidateComponentProvider.java:273) Identified candidate component class: file [D:\SSMProject\easybuy\easybuy-reception\target\easybuy-reception\WEB-INF\classes\cn\qzt\controller\EasybuyUserController.class]
- (2808 ms) - 2018-7-4 19:24:31[DEBUG](ClassPathScanningCandidateComponentProvider.java:273) Identified candidate component class: file [D:\SSMProject\easybuy\easybuy-reception\target\easybuy-reception\WEB-INF\classes\cn\qzt\controller\LoginController.class]
- (2865 ms) - 2018-7-4 19:24:31[DEBUG](BeanDefinitionParserDelegate.java:494) Neither XML 'id' nor 'name' specified - using generated bean name [org.springframework.web.servlet.view.InternalResourceViewResolver#141dac9e]
- (2865 ms) - 2018-7-4 19:24:31[DEBUG](BeanDefinitionParserDelegate.java:494) Neither XML 'id' nor 'name' specified - using generated bean name [org.springframework.web.servlet.view.ContentNegotiatingViewResolver#0]
- (2866 ms) - 2018-7-4 19:24:31[DEBUG](AbstractBeanDefinitionReader.java:216) Loaded 25 bean definitions from location pattern [classpath*:springmvc-servlet.xml]
- (2866 ms) - 2018-7-4 19:24:31[DEBUG](AbstractApplicationContext.java:542) Bean factory for WebApplicationContext for namespace 'spring-servlet': org.springframework.beans.factory.support.DefaultListableBeanFactory@73925fb6: defining beans [easybuyNewsController,easybuyOrderDetailController,easybuyProductCategoryController,easybuyProductController,easybuyUserController,loginController,org.springframework.context.annotation.internalConfigurationAnnotationProcessor,org.springframework.context.annotation.internalAutowiredAnnotationProcessor,org.springframework.context.annotation.internalRequiredAnnotationProcessor,org.springframework.context.annotation.internalCommonAnnotationProcessor,mvcContentNegotiationManager,org.springframework.web.servlet.mvc.method.annotation.RequestMappingHandlerMapping#0,org.springframework.format.support.FormattingConversionServiceFactoryBean#0,org.springframework.web.servlet.mvc.method.annotation.RequestMappingHandlerAdapter#0,org.springframework.web.servlet.handler.MappedInterceptor#0,org.springframework.web.servlet.mvc.method.annotation.ExceptionHandlerExceptionResolver#0,org.springframework.web.servlet.mvc.annotation.ResponseStatusExceptionResolver#0,org.springframework.web.servlet.mvc.support.DefaultHandlerExceptionResolver#0,org.springframework.web.servlet.handler.BeanNameUrlHandlerMapping,org.springframework.web.servlet.mvc.HttpRequestHandlerAdapter,org.springframework.web.servlet.mvc.SimpleControllerHandlerAdapter,org.springframework.web.servlet.resource.ResourceHttpRequestHandler#0,org.springframework.web.servlet.handler.SimpleUrlHandlerMapping#0,org.springframework.web.servlet.view.ContentNegotiatingViewResolver#0,multipartResolver]; parent: org.springframework.beans.factory.support.DefaultListableBeanFactory@21940788
- (2874 ms) - 2018-7-4 19:24:31[DEBUG](DefaultSingletonBeanRegistry.java:215) Creating shared instance of singleton bean 'org.springframework.context.annotation.internalConfigurationAnnotationProcessor'
- (2874 ms) - 2018-7-4 19:24:31[DEBUG](AbstractAutowireCapableBeanFactory.java:432) Creating instance of bean 'org.springframework.context.annotation.internalConfigurationAnnotationProcessor'
- (2874 ms) - 2018-7-4 19:24:31[DEBUG](AbstractAutowireCapableBeanFactory.java:506) Eagerly caching bean 'org.springframework.context.annotation.internalConfigurationAnnotationProcessor' to allow for resolving potential circular references
- (2874 ms) - 2018-7-4 19:24:31[DEBUG](AbstractAutowireCapableBeanFactory.java:460) Finished creating instance of bean 'org.springframework.context.annotation.internalConfigurationAnnotationProcessor'
- (2922 ms) - 2018-7-4 19:24:31[DEBUG](DefaultSingletonBeanRegistry.java:215) Creating shared instance of singleton bean 'org.springframework.context.annotation.internalAutowiredAnnotationProcessor'
- (2923 ms) - 2018-7-4 19:24:31[DEBUG](AbstractAutowireCapableBeanFactory.java:432) Creating instance of bean 'org.springframework.context.annotation.internalAutowiredAnnotationProcessor'
- (2924 ms) - 2018-7-4 19:24:31[DEBUG](AbstractAutowireCapableBeanFactory.java:506) Eagerly caching bean 'org.springframework.context.annotation.internalAutowiredAnnotationProcessor' to allow for resolving potential circular references
- (2925 ms) - 2018-7-4 19:24:31[DEBUG](AbstractAutowireCapableBeanFactory.java:460) Finished creating instance of bean 'org.springframework.context.annotation.internalAutowiredAnnotationProcessor'
- (2925 ms) - 2018-7-4 19:24:31[DEBUG](DefaultSingletonBeanRegistry.java:215) Creating shared instance of singleton bean 'org.springframework.context.annotation.internalRequiredAnnotationProcessor'
- (2925 ms) - 2018-7-4 19:24:31[DEBUG](AbstractAutowireCapableBeanFactory.java:432) Creating instance of bean 'org.springframework.context.annotation.internalRequiredAnnotationProcessor'
- (2926 ms) - 2018-7-4 19:24:31[DEBUG](AbstractAutowireCapableBeanFactory.java:506) Eagerly caching bean 'org.springframework.context.annotation.internalRequiredAnnotationProcessor' to allow for resolving potential circular references
- (2926 ms) - 2018-7-4 19:24:31[DEBUG](AbstractAutowireCapableBeanFactory.java:460) Finished creating instance of bean 'org.springframework.context.annotation.internalRequiredAnnotationProcessor'
- (2926 ms) - 2018-7-4 19:24:31[DEBUG](DefaultSingletonBeanRegistry.java:215) Creating shared instance of singleton bean 'org.springframework.context.annotation.internalCommonAnnotationProcessor'
- (2926 ms) - 2018-7-4 19:24:31[DEBUG](AbstractAutowireCapableBeanFactory.java:432) Creating instance of bean 'org.springframework.context.annotation.internalCommonAnnotationProcessor'
- (2927 ms) - 2018-7-4 19:24:31[DEBUG](AbstractAutowireCapableBeanFactory.java:506) Eagerly caching bean 'org.springframework.context.annotation.internalCommonAnnotationProcessor' to allow for resolving potential circular references
- (2927 ms) - 2018-7-4 19:24:31[DEBUG](AbstractAutowireCapableBeanFactory.java:460) Finished creating instance of bean 'org.springframework.context.annotation.internalCommonAnnotationProcessor'
- (2927 ms) - 2018-7-4 19:24:31[DEBUG](DefaultSingletonBeanRegistry.java:215) Creating shared instance of singleton bean 'org.springframework.context.annotation.ConfigurationClassPostProcessor.importAwareProcessor'
- (2927 ms) - 2018-7-4 19:24:31[DEBUG](AbstractAutowireCapableBeanFactory.java:432) Creating instance of bean 'org.springframework.context.annotation.ConfigurationClassPostProcessor.importAwareProcessor'
- (2928 ms) - 2018-7-4 19:24:31[DEBUG](AbstractAutowireCapableBeanFactory.java:506) Eagerly caching bean 'org.springframework.context.annotation.ConfigurationClassPostProcessor.importAwareProcessor' to allow for resolving potential circular references
- (2928 ms) - 2018-7-4 19:24:31[DEBUG](AbstractAutowireCapableBeanFactory.java:460) Finished creating instance of bean 'org.springframework.context.annotation.ConfigurationClassPostProcessor.importAwareProcessor'
- (2929 ms) - 2018-7-4 19:24:31[DEBUG](AbstractApplicationContext.java:809) Unable to locate MessageSource with name 'messageSource': using default [org.springframework.context.support.DelegatingMessageSource@42e053d2]
- (2930 ms) - 2018-7-4 19:24:31[DEBUG](AbstractApplicationContext.java:833) Unable to locate ApplicationEventMulticaster with name 'applicationEventMulticaster': using default [org.springframework.context.event.SimpleApplicationEventMulticaster@3185e287]
- (2930 ms) - 2018-7-4 19:24:31[DEBUG](UiApplicationContextUtils.java:85) Unable to locate ThemeSource with name 'themeSource': using default [org.springframework.ui.context.support.DelegatingThemeSource@5ba493cd]
- (2931 ms) - 2018-7-4 19:24:31[ INFO](DefaultListableBeanFactory.java:603) Pre-instantiating singletons in org.springframework.beans.factory.support.DefaultListableBeanFactory@73925fb6: defining beans [easybuyNewsController,easybuyOrderDetailController,easybuyProductCategoryController,easybuyProductController,easybuyUserController,loginController,org.springframework.context.annotation.internalConfigurationAnnotationProcessor,org.springframework.context.annotation.internalAutowiredAnnotationProcessor,org.springframework.context.annotation.internalRequiredAnnotationProcessor,org.springframework.context.annotation.internalCommonAnnotationProcessor,mvcContentNegotiationManager,org.springframework.web.servlet.mvc.method.annotation.RequestMappingHandlerMapping#0,org.springframework.format.support.FormattingConversionServiceFactoryBean#0,org.springframework.web.servlet.mvc.method.annotation.RequestMappingHandlerAdapter#0,org.springframework.web.servlet.handler.MappedInterceptor#0,org.springframework.web.servlet.mvc.method.annotation.ExceptionHandlerExceptionResolver#0,org.springframework.web.servlet.mvc.annotation.ResponseStatusExceptionResolver#0,org.springframework.web.servlet.mvc.support.DefaultHandlerExceptionResolver#0,org.springframework.web.servlet.handler.BeanNameUrlHandlerMapping,org.springframework.web.servlet.mvc.HttpRequestHandlerAdapter,org.springframework.web.servlet.mvc.SimpleControllerHandlerAdapter,org.springframework.web.servlet.resource.ResourceHttpRequestHandler#0,org.springframework.web.servlet.handler.SimpleUrlHandlerMapping#0,org.springframework.web.servlet.view.ContentNegotiatingViewResolver#0,multipartResolver,org.springframework.context.annotation.ConfigurationClassPostProcessor.importAwareProcessor]; parent: org.springframework.beans.factory.support.DefaultListableBeanFactory@21940788
- (2932 ms) - 2018-7-4 19:24:31[DEBUG](DefaultSingletonBeanRegistry.java:215) Creating shared instance of singleton bean 'easybuyNewsController'
- (2932 ms) - 2018-7-4 19:24:31[DEBUG](AbstractAutowireCapableBeanFactory.java:432) Creating instance of bean 'easybuyNewsController'
- (2935 ms) - 2018-7-4 19:24:31[DEBUG](InjectionMetadata.java:72) Registered injected element on class [cn.qzt.controller.EasybuyNewsController]: ResourceElement for cn.qzt.service.EasybuyNewsService cn.qzt.controller.EasybuyNewsController.newsService
- (2935 ms) - 2018-7-4 19:24:31[DEBUG](AbstractAutowireCapableBeanFactory.java:506) Eagerly caching bean 'easybuyNewsController' to allow for resolving potential circular references
- (2937 ms) - 2018-7-4 19:24:31[DEBUG](InjectionMetadata.java:86) Processing injected element of bean 'easybuyNewsController': ResourceElement for cn.qzt.service.EasybuyNewsService cn.qzt.controller.EasybuyNewsController.newsService
- (2938 ms) - 2018-7-4 19:24:31[DEBUG](AbstractBeanFactory.java:243) Returning cached instance of singleton bean 'easybuyNewsServiceImpl'
- (2939 ms) - 2018-7-4 19:24:31[DEBUG](AbstractAutowireCapableBeanFactory.java:460) Finished creating instance of bean 'easybuyNewsController'
- (2939 ms) - 2018-7-4 19:24:31[DEBUG](DefaultSingletonBeanRegistry.java:215) Creating shared instance of singleton bean 'easybuyOrderDetailController'
- (2939 ms) - 2018-7-4 19:24:31[DEBUG](AbstractAutowireCapableBeanFactory.java:432) Creating instance of bean 'easybuyOrderDetailController'
- (2942 ms) - 2018-7-4 19:24:31[DEBUG](InjectionMetadata.java:72) Registered injected element on class [cn.qzt.controller.EasybuyOrderDetailController]: ResourceElement for private cn.qzt.service.EasybuyOrderDetailService cn.qzt.controller.EasybuyOrderDetailController.detailService
- (2942 ms) - 2018-7-4 19:24:31[DEBUG](InjectionMetadata.java:72) Registered injected element on class [cn.qzt.controller.EasybuyOrderDetailController]: ResourceElement for private cn.qzt.service.EasybuyProductService cn.qzt.controller.EasybuyOrderDetailController.productService
- (2942 ms) - 2018-7-4 19:24:31[DEBUG](InjectionMetadata.java:72) Registered injected element on class [cn.qzt.controller.EasybuyOrderDetailController]: ResourceElement for private cn.qzt.service.EasybuyOrderService cn.qzt.controller.EasybuyOrderDetailController.orderService
- (2943 ms) - 2018-7-4 19:24:31[DEBUG](InjectionMetadata.java:72) Registered injected element on class [cn.qzt.controller.EasybuyOrderDetailController]: ResourceElement for private cn.qzt.service.EasybuyUserAddressService cn.qzt.controller.EasybuyOrderDetailController.addressService
- (2943 ms) - 2018-7-4 19:24:31[DEBUG](AbstractAutowireCapableBeanFactory.java:506) Eagerly caching bean 'easybuyOrderDetailController' to allow for resolving potential circular references
- (2945 ms) - 2018-7-4 19:24:31[DEBUG](InjectionMetadata.java:86) Processing injected element of bean 'easybuyOrderDetailController': ResourceElement for private cn.qzt.service.EasybuyOrderDetailService cn.qzt.controller.EasybuyOrderDetailController.detailService
- (2947 ms) - 2018-7-4 19:24:31[DEBUG](AbstractBeanFactory.java:243) Returning cached instance of singleton bean 'easybuyOrderDetailServiceImpl'
- (2947 ms) - 2018-7-4 19:24:31[DEBUG](InjectionMetadata.java:86) Processing injected element of bean 'easybuyOrderDetailController': ResourceElement for private cn.qzt.service.EasybuyProductService cn.qzt.controller.EasybuyOrderDetailController.productService
- (2948 ms) - 2018-7-4 19:24:31[DEBUG](AbstractBeanFactory.java:243) Returning cached instance of singleton bean 'easybuyProductServiceImpl'
- (2948 ms) - 2018-7-4 19:24:31[DEBUG](InjectionMetadata.java:86) Processing injected element of bean 'easybuyOrderDetailController': ResourceElement for private cn.qzt.service.EasybuyOrderService cn.qzt.controller.EasybuyOrderDetailController.orderService
- (2948 ms) - 2018-7-4 19:24:31[DEBUG](AbstractBeanFactory.java:243) Returning cached instance of singleton bean 'easybuyOrderServiceImpl'
- (2949 ms) - 2018-7-4 19:24:31[DEBUG](InjectionMetadata.java:86) Processing injected element of bean 'easybuyOrderDetailController': ResourceElement for private cn.qzt.service.EasybuyUserAddressService cn.qzt.controller.EasybuyOrderDetailController.addressService
- (2949 ms) - 2018-7-4 19:24:31[DEBUG](AbstractBeanFactory.java:243) Returning cached instance of singleton bean 'easybuyUserAddressServiceImpl'
- (2950 ms) - 2018-7-4 19:24:31[DEBUG](AbstractAutowireCapableBeanFactory.java:460) Finished creating instance of bean 'easybuyOrderDetailController'
- (2950 ms) - 2018-7-4 19:24:31[DEBUG](DefaultSingletonBeanRegistry.java:215) Creating shared instance of singleton bean 'easybuyProductCategoryController'
- (2950 ms) - 2018-7-4 19:24:31[DEBUG](AbstractAutowireCapableBeanFactory.java:432) Creating instance of bean 'easybuyProductCategoryController'
- (2950 ms) - 2018-7-4 19:24:31[DEBUG](InjectionMetadata.java:72) Registered injected element on class [cn.qzt.controller.EasybuyProductCategoryController]: ResourceElement for private cn.qzt.service.EasybuyProductCategoryService cn.qzt.controller.EasybuyProductCategoryController.categoryService
- (2951 ms) - 2018-7-4 19:24:31[DEBUG](AbstractAutowireCapableBeanFactory.java:506) Eagerly caching bean 'easybuyProductCategoryController' to allow for resolving potential circular references
- (2952 ms) - 2018-7-4 19:24:31[DEBUG](InjectionMetadata.java:86) Processing injected element of bean 'easybuyProductCategoryController': ResourceElement for private cn.qzt.service.EasybuyProductCategoryService cn.qzt.controller.EasybuyProductCategoryController.categoryService
- (2954 ms) - 2018-7-4 19:24:31[DEBUG](AbstractBeanFactory.java:243) Returning cached instance of singleton bean 'easybuyProductCategoryServiceImpl'
- (2954 ms) - 2018-7-4 19:24:31[DEBUG](AbstractAutowireCapableBeanFactory.java:460) Finished creating instance of bean 'easybuyProductCategoryController'
- (2954 ms) - 2018-7-4 19:24:31[DEBUG](DefaultSingletonBeanRegistry.java:215) Creating shared instance of singleton bean 'easybuyProductController'
- (2954 ms) - 2018-7-4 19:24:31[DEBUG](AbstractAutowireCapableBeanFactory.java:432) Creating instance of bean 'easybuyProductController'
- (2955 ms) - 2018-7-4 19:24:31[DEBUG](InjectionMetadata.java:72) Registered injected element on class [cn.qzt.controller.EasybuyProductController]: ResourceElement for private cn.qzt.service.EasybuyProductService cn.qzt.controller.EasybuyProductController.productService
- (2956 ms) - 2018-7-4 19:24:31[DEBUG](InjectionMetadata.java:72) Registered injected element on class [cn.qzt.controller.EasybuyProductController]: ResourceElement for private cn.qzt.service.EasybuyProductCategoryService cn.qzt.controller.EasybuyProductController.categoryService
- (2956 ms) - 2018-7-4 19:24:31[DEBUG](AbstractAutowireCapableBeanFactory.java:506) Eagerly caching bean 'easybuyProductController' to allow for resolving potential circular references
- (2958 ms) - 2018-7-4 19:24:31[DEBUG](InjectionMetadata.java:86) Processing injected element of bean 'easybuyProductController': ResourceElement for private cn.qzt.service.EasybuyProductService cn.qzt.controller.EasybuyProductController.productService
- (2958 ms) - 2018-7-4 19:24:31[DEBUG](AbstractBeanFactory.java:243) Returning cached instance of singleton bean 'easybuyProductServiceImpl'
- (2958 ms) - 2018-7-4 19:24:31[DEBUG](InjectionMetadata.java:86) Processing injected element of bean 'easybuyProductController': ResourceElement for private cn.qzt.service.EasybuyProductCategoryService cn.qzt.controller.EasybuyProductController.categoryService
- (2959 ms) - 2018-7-4 19:24:31[DEBUG](AbstractBeanFactory.java:243) Returning cached instance of singleton bean 'easybuyProductCategoryServiceImpl'
- (2959 ms) - 2018-7-4 19:24:31[DEBUG](AbstractAutowireCapableBeanFactory.java:460) Finished creating instance of bean 'easybuyProductController'
- (2959 ms) - 2018-7-4 19:24:31[DEBUG](DefaultSingletonBeanRegistry.java:215) Creating shared instance of singleton bean 'easybuyUserController'
- (2959 ms) - 2018-7-4 19:24:31[DEBUG](AbstractAutowireCapableBeanFactory.java:432) Creating instance of bean 'easybuyUserController'
- (2960 ms) - 2018-7-4 19:24:31[DEBUG](AbstractAutowireCapableBeanFactory.java:506) Eagerly caching bean 'easybuyUserController' to allow for resolving potential circular references
- (2962 ms) - 2018-7-4 19:24:31[DEBUG](AbstractAutowireCapableBeanFactory.java:460) Finished creating instance of bean 'easybuyUserController'
- (2963 ms) - 2018-7-4 19:24:31[DEBUG](DefaultSingletonBeanRegistry.java:215) Creating shared instance of singleton bean 'loginController'
- (2963 ms) - 2018-7-4 19:24:31[DEBUG](AbstractAutowireCapableBeanFactory.java:432) Creating instance of bean 'loginController'
- (2964 ms) - 2018-7-4 19:24:31[DEBUG](InjectionMetadata.java:72) Registered injected element on class [cn.qzt.controller.LoginController]: ResourceElement for private cn.qzt.service.EasybuyUserService cn.qzt.controller.LoginController.easybuyUserService
- (2964 ms) - 2018-7-4 19:24:31[DEBUG](InjectionMetadata.java:72) Registered injected element on class [cn.qzt.controller.LoginController]: ResourceElement for private cn.qzt.service.EasybuyProductCategoryService cn.qzt.controller.LoginController.categoryService
- (2965 ms) - 2018-7-4 19:24:31[DEBUG](InjectionMetadata.java:72) Registered injected element on class [cn.qzt.controller.LoginController]: ResourceElement for private cn.qzt.service.EasybuyNewsService cn.qzt.controller.LoginController.newsService
- (2965 ms) - 2018-7-4 19:24:31[DEBUG](AbstractAutowireCapableBeanFactory.java:506) Eagerly caching bean 'loginController' to allow for resolving potential circular references
- (2967 ms) - 2018-7-4 19:24:31[DEBUG](InjectionMetadata.java:86) Processing injected element of bean 'loginController': ResourceElement for private cn.qzt.service.EasybuyUserService cn.qzt.controller.LoginController.easybuyUserService
- (2968 ms) - 2018-7-4 19:24:31[DEBUG](AbstractBeanFactory.java:243) Returning cached instance of singleton bean 'easybuyUserImpl'
- (2968 ms) - 2018-7-4 19:24:31[DEBUG](InjectionMetadata.java:86) Processing injected element of bean 'loginController': ResourceElement for private cn.qzt.service.EasybuyProductCategoryService cn.qzt.controller.LoginController.categoryService
- (2969 ms) - 2018-7-4 19:24:31[DEBUG](AbstractBeanFactory.java:243) Returning cached instance of singleton bean 'easybuyProductCategoryServiceImpl'
- (2969 ms) - 2018-7-4 19:24:31[DEBUG](InjectionMetadata.java:86) Processing injected element of bean 'loginController': ResourceElement for private cn.qzt.service.EasybuyNewsService cn.qzt.controller.LoginController.newsService
- (2969 ms) - 2018-7-4 19:24:31[DEBUG](AbstractBeanFactory.java:243) Returning cached instance of singleton bean 'easybuyNewsServiceImpl'
- (2969 ms) - 2018-7-4 19:24:31[DEBUG](AbstractAutowireCapableBeanFactory.java:460) Finished creating instance of bean 'loginController'
- (2970 ms) - 2018-7-4 19:24:31[DEBUG](AbstractBeanFactory.java:243) Returning cached instance of singleton bean 'org.springframework.context.annotation.internalConfigurationAnnotationProcessor'
- (2970 ms) - 2018-7-4 19:24:31[DEBUG](AbstractBeanFactory.java:243) Returning cached instance of singleton bean 'org.springframework.context.annotation.internalAutowiredAnnotationProcessor'
- (2970 ms) - 2018-7-4 19:24:31[DEBUG](AbstractBeanFactory.java:243) Returning cached instance of singleton bean 'org.springframework.context.annotation.internalRequiredAnnotationProcessor'
- (2970 ms) - 2018-7-4 19:24:31[DEBUG](AbstractBeanFactory.java:243) Returning cached instance of singleton bean 'org.springframework.context.annotation.internalCommonAnnotationProcessor'
- (2970 ms) - 2018-7-4 19:24:31[DEBUG](DefaultSingletonBeanRegistry.java:215) Creating shared instance of singleton bean 'mvcContentNegotiationManager'
- (2970 ms) - 2018-7-4 19:24:31[DEBUG](AbstractAutowireCapableBeanFactory.java:432) Creating instance of bean 'mvcContentNegotiationManager'
- (2971 ms) - 2018-7-4 19:24:31[DEBUG](AbstractAutowireCapableBeanFactory.java:506) Eagerly caching bean 'mvcContentNegotiationManager' to allow for resolving potential circular references
- (2981 ms) - 2018-7-4 19:24:31[DEBUG](AbstractAutowireCapableBeanFactory.java:1557) Invoking afterPropertiesSet() on bean with name 'mvcContentNegotiationManager'
- (2985 ms) - 2018-7-4 19:24:31[DEBUG](AbstractAutowireCapableBeanFactory.java:460) Finished creating instance of bean 'mvcContentNegotiationManager'
- (2985 ms) - 2018-7-4 19:24:31[DEBUG](DefaultSingletonBeanRegistry.java:215) Creating shared instance of singleton bean 'org.springframework.web.servlet.mvc.method.annotation.RequestMappingHandlerMapping#0'
- (2985 ms) - 2018-7-4 19:24:31[DEBUG](AbstractAutowireCapableBeanFactory.java:432) Creating instance of bean 'org.springframework.web.servlet.mvc.method.annotation.RequestMappingHandlerMapping#0'
- (2989 ms) - 2018-7-4 19:24:31[DEBUG](AbstractAutowireCapableBeanFactory.java:506) Eagerly caching bean 'org.springframework.web.servlet.mvc.method.annotation.RequestMappingHandlerMapping#0' to allow for resolving potential circular references
- (3008 ms) - 2018-7-4 19:24:31[DEBUG](AbstractBeanFactory.java:243) Returning cached instance of singleton bean 'mvcContentNegotiationManager'
- (3009 ms) - 2018-7-4 19:24:31[DEBUG](DefaultSingletonBeanRegistry.java:215) Creating shared instance of singleton bean 'org.springframework.web.servlet.handler.MappedInterceptor#0'
- (3010 ms) - 2018-7-4 19:24:31[DEBUG](AbstractAutowireCapableBeanFactory.java:432) Creating instance of bean 'org.springframework.web.servlet.handler.MappedInterceptor#0'
- (3013 ms) - 2018-7-4 19:24:31[DEBUG](AbstractAutowireCapableBeanFactory.java:432) Creating instance of bean '(inner bean)#fdb3bb6'
- (3014 ms) - 2018-7-4 19:24:31[DEBUG](DefaultSingletonBeanRegistry.java:215) Creating shared instance of singleton bean 'org.springframework.format.support.FormattingConversionServiceFactoryBean#0'
- (3014 ms) - 2018-7-4 19:24:31[DEBUG](AbstractAutowireCapableBeanFactory.java:432) Creating instance of bean 'org.springframework.format.support.FormattingConversionServiceFactoryBean#0'
- (3015 ms) - 2018-7-4 19:24:31[DEBUG](AbstractAutowireCapableBeanFactory.java:506) Eagerly caching bean 'org.springframework.format.support.FormattingConversionServiceFactoryBean#0' to allow for resolving potential circular references
- (3021 ms) - 2018-7-4 19:24:31[DEBUG](AbstractAutowireCapableBeanFactory.java:1557) Invoking afterPropertiesSet() on bean with name 'org.springframework.format.support.FormattingConversionServiceFactoryBean#0'
- (3040 ms) - 2018-7-4 19:24:31[DEBUG](AbstractAutowireCapableBeanFactory.java:460) Finished creating instance of bean 'org.springframework.format.support.FormattingConversionServiceFactoryBean#0'
- (3048 ms) - 2018-7-4 19:24:31[DEBUG](AbstractAutowireCapableBeanFactory.java:460) Finished creating instance of bean '(inner bean)#fdb3bb6'
- (3051 ms) - 2018-7-4 19:24:31[DEBUG](BeanUtils.java:456) No property editor [org.springframework.web.context.request.WebRequestInterceptorEditor] found for type org.springframework.web.context.request.WebRequestInterceptor according to 'Editor' suffix convention
- (3052 ms) - 2018-7-4 19:24:31[DEBUG](AbstractAutowireCapableBeanFactory.java:506) Eagerly caching bean 'org.springframework.web.servlet.handler.MappedInterceptor#0' to allow for resolving potential circular references
- (3055 ms) - 2018-7-4 19:24:31[DEBUG](AbstractAutowireCapableBeanFactory.java:460) Finished creating instance of bean 'org.springframework.web.servlet.handler.MappedInterceptor#0'
- (3055 ms) - 2018-7-4 19:24:31[DEBUG](AbstractAutowireCapableBeanFactory.java:1557) Invoking afterPropertiesSet() on bean with name 'org.springframework.web.servlet.mvc.method.annotation.RequestMappingHandlerMapping#0'
- (3056 ms) - 2018-7-4 19:24:31[DEBUG](AbstractHandlerMethodMapping.java:99) Looking for request mappings in application context: WebApplicationContext for namespace 'spring-servlet': startup date [Wed Jul 04 19:24:31 CST 2018]; parent: Root WebApplicationContext
- (3079 ms) - 2018-7-4 19:24:31[ INFO](AbstractHandlerMethodMapping.java:180) Mapped "{[/newsList],methods=[],params=[],headers=[],consumes=[],produces=[],custom=[]}" onto public java.lang.String cn.qzt.controller.EasybuyNewsController.newsList(java.lang.Integer,org.springframework.ui.Model)
- (3081 ms) - 2018-7-4 19:24:31[ INFO](AbstractHandlerMethodMapping.java:180) Mapped "{[/detail/bayCar],methods=[],params=[],headers=[],consumes=[],produces=[],custom=[]}" onto public java.lang.String cn.qzt.controller.EasybuyOrderDetailController.bayCarIn(javax.servlet.http.HttpSession,javax.servlet.http.HttpServletRequest,org.springframework.ui.Model)
- (3081 ms) - 2018-7-4 19:24:31[ INFO](AbstractHandlerMethodMapping.java:180) Mapped "{[/detail/add],methods=[],params=[],headers=[],consumes=[],produces=[],custom=[]}" onto public java.lang.Object cn.qzt.controller.EasybuyOrderDetailController.addDetail(java.lang.Integer,javax.servlet.http.HttpServletRequest,javax.servlet.http.HttpSession)
- (3082 ms) - 2018-7-4 19:24:31[ INFO](AbstractHandlerMethodMapping.java:180) Mapped "{[/productList],methods=[],params=[],headers=[],consumes=[],produces=[],custom=[]}" onto public java.lang.String cn.qzt.controller.EasybuyProductController.productList(java.lang.Integer,org.springframework.ui.Model)
- (3083 ms) - 2018-7-4 19:24:31[ INFO](AbstractHandlerMethodMapping.java:180) Mapped "{[/getProducts],methods=[],params=[],headers=[],consumes=[],produces=[],custom=[]}" onto public java.lang.Object cn.qzt.controller.EasybuyProductController.getProducts(cn.qzt.pojo.ProductPage)
- (3083 ms) - 2018-7-4 19:24:31[ INFO](AbstractHandlerMethodMapping.java:180) Mapped "{[/productListPage],methods=[],params=[],headers=[],consumes=[],produces=[],custom=[]}" onto public java.lang.Object cn.qzt.controller.EasybuyProductController.getProduct(java.lang.Integer)
- (3085 ms) - 2018-7-4 19:24:31[ INFO](AbstractHandlerMethodMapping.java:180) Mapped "{[/main],methods=[],params=[],headers=[],consumes=[],produces=[],custom=[]}" onto public java.lang.String cn.qzt.controller.LoginController.main(javax.servlet.http.HttpServletRequest,org.springframework.ui.Model)
- (3085 ms) - 2018-7-4 19:24:31[ INFO](AbstractHandlerMethodMapping.java:180) Mapped "{[/register],methods=[],params=[],headers=[],consumes=[],produces=[],custom=[]}" onto public java.lang.String cn.qzt.controller.LoginController.register()
- (3086 ms) - 2018-7-4 19:24:31[ INFO](AbstractHandlerMethodMapping.java:180) Mapped "{[/login],methods=[],params=[],headers=[],consumes=[],produces=[],custom=[]}" onto public java.lang.String cn.qzt.controller.LoginController.login()
- (3086 ms) - 2018-7-4 19:24:31[ INFO](AbstractHandlerMethodMapping.java:180) Mapped "{[/logto],methods=[],params=[],headers=[],consumes=[],produces=[],custom=[]}" onto public java.lang.String cn.qzt.controller.LoginController.logto(java.lang.String,java.lang.String,javax.servlet.http.HttpServletRequest,javax.servlet.http.HttpSession)
- (3087 ms) - 2018-7-4 19:24:31[ INFO](AbstractHandlerMethodMapping.java:180) Mapped "{[/registerTo],methods=[],params=[],headers=[],consumes=[],produces=[],custom=[]}" onto public java.lang.String cn.qzt.controller.LoginController.registerTo(cn.qzt.pojo.EasybuyUser,org.springframework.ui.Model)
- (3087 ms) - 2018-7-4 19:24:31[DEBUG](AbstractAutowireCapableBeanFactory.java:460) Finished creating instance of bean 'org.springframework.web.servlet.mvc.method.annotation.RequestMappingHandlerMapping#0'
- (3088 ms) - 2018-7-4 19:24:31[DEBUG](AbstractBeanFactory.java:243) Returning cached instance of singleton bean 'org.springframework.format.support.FormattingConversionServiceFactoryBean#0'
- (3088 ms) - 2018-7-4 19:24:31[DEBUG](DefaultSingletonBeanRegistry.java:215) Creating shared instance of singleton bean 'org.springframework.web.servlet.mvc.method.annotation.RequestMappingHandlerAdapter#0'
- (3088 ms) - 2018-7-4 19:24:31[DEBUG](AbstractAutowireCapableBeanFactory.java:432) Creating instance of bean 'org.springframework.web.servlet.mvc.method.annotation.RequestMappingHandlerAdapter#0'
- (3460 ms) - 2018-7-4 19:24:31[DEBUG](AbstractAutowireCapableBeanFactory.java:506) Eagerly caching bean 'org.springframework.web.servlet.mvc.method.annotation.RequestMappingHandlerAdapter#0' to allow for resolving potential circular references
- (3477 ms) - 2018-7-4 19:24:31[DEBUG](AbstractBeanFactory.java:243) Returning cached instance of singleton bean 'mvcContentNegotiationManager'
- (3477 ms) - 2018-7-4 19:24:31[DEBUG](AbstractAutowireCapableBeanFactory.java:432) Creating instance of bean '(inner bean)#188845d0'
- (3487 ms) - 2018-7-4 19:24:31[DEBUG](AbstractBeanFactory.java:243) Returning cached instance of singleton bean 'org.springframework.format.support.FormattingConversionServiceFactoryBean#0'
- (3488 ms) - 2018-7-4 19:24:31[DEBUG](AbstractAutowireCapableBeanFactory.java:460) Finished creating instance of bean '(inner bean)#188845d0'
- (3488 ms) - 2018-7-4 19:24:31[DEBUG](AbstractAutowireCapableBeanFactory.java:432) Creating instance of bean '(inner bean)#4ff6bf11'
- (3494 ms) - 2018-7-4 19:24:31[DEBUG](AbstractAutowireCapableBeanFactory.java:460) Finished creating instance of bean '(inner bean)#4ff6bf11'
- (3494 ms) - 2018-7-4 19:24:31[DEBUG](AbstractAutowireCapableBeanFactory.java:432) Creating instance of bean '(inner bean)#674242ed'
- (3500 ms) - 2018-7-4 19:24:31[DEBUG](AbstractAutowireCapableBeanFactory.java:460) Finished creating instance of bean '(inner bean)#674242ed'
- (3501 ms) - 2018-7-4 19:24:31[DEBUG](AbstractAutowireCapableBeanFactory.java:432) Creating instance of bean '(inner bean)#3c38ebce'
- (3505 ms) - 2018-7-4 19:24:31[DEBUG](AbstractAutowireCapableBeanFactory.java:460) Finished creating instance of bean '(inner bean)#3c38ebce'
- (3505 ms) - 2018-7-4 19:24:31[DEBUG](AbstractAutowireCapableBeanFactory.java:432) Creating instance of bean '(inner bean)#7118fb52'
- (3510 ms) - 2018-7-4 19:24:31[DEBUG](AbstractAutowireCapableBeanFactory.java:460) Finished creating instance of bean '(inner bean)#7118fb52'
- (3510 ms) - 2018-7-4 19:24:31[DEBUG](AbstractAutowireCapableBeanFactory.java:432) Creating instance of bean '(inner bean)#3430263e'
- (3518 ms) - 2018-7-4 19:24:31[DEBUG](AbstractAutowireCapableBeanFactory.java:460) Finished creating instance of bean '(inner bean)#3430263e'
- (3519 ms) - 2018-7-4 19:24:31[DEBUG](AbstractAutowireCapableBeanFactory.java:432) Creating instance of bean '(inner bean)#63081849'
- (3532 ms) - 2018-7-4 19:24:31[DEBUG](AbstractAutowireCapableBeanFactory.java:460) Finished creating instance of bean '(inner bean)#63081849'
- (3532 ms) - 2018-7-4 19:24:31[DEBUG](AbstractAutowireCapableBeanFactory.java:432) Creating instance of bean '(inner bean)#11e3b232'
- (3537 ms) - 2018-7-4 19:24:31[DEBUG](AbstractAutowireCapableBeanFactory.java:460) Finished creating instance of bean '(inner bean)#11e3b232'
- (3538 ms) - 2018-7-4 19:24:31[DEBUG](AbstractAutowireCapableBeanFactory.java:1557) Invoking afterPropertiesSet() on bean with name 'org.springframework.web.servlet.mvc.method.annotation.RequestMappingHandlerAdapter#0'
- (3578 ms) - 2018-7-4 19:24:31[DEBUG](RequestMappingHandlerAdapter.java:614) Looking for controller advice: WebApplicationContext for namespace 'spring-servlet': startup date [Wed Jul 04 19:24:31 CST 2018]; parent: Root WebApplicationContext
- (3580 ms) - 2018-7-4 19:24:31[DEBUG](AbstractAutowireCapableBeanFactory.java:460) Finished creating instance of bean 'org.springframework.web.servlet.mvc.method.annotation.RequestMappingHandlerAdapter#0'
- (3581 ms) - 2018-7-4 19:24:31[DEBUG](AbstractBeanFactory.java:243) Returning cached instance of singleton bean 'org.springframework.web.servlet.handler.MappedInterceptor#0'
- (3581 ms) - 2018-7-4 19:24:31[DEBUG](DefaultSingletonBeanRegistry.java:215) Creating shared instance of singleton bean 'org.springframework.web.servlet.mvc.method.annotation.ExceptionHandlerExceptionResolver#0'
- (3581 ms) - 2018-7-4 19:24:31[DEBUG](AbstractAutowireCapableBeanFactory.java:432) Creating instance of bean 'org.springframework.web.servlet.mvc.method.annotation.ExceptionHandlerExceptionResolver#0'
- (3583 ms) - 2018-7-4 19:24:31[DEBUG](AbstractAutowireCapableBeanFactory.java:506) Eagerly caching bean 'org.springframework.web.servlet.mvc.method.annotation.ExceptionHandlerExceptionResolver#0' to allow for resolving potential circular references
- (3591 ms) - 2018-7-4 19:24:31[DEBUG](AbstractBeanFactory.java:243) Returning cached instance of singleton bean 'mvcContentNegotiationManager'
- (3591 ms) - 2018-7-4 19:24:31[DEBUG](AbstractAutowireCapableBeanFactory.java:432) Creating instance of bean '(inner bean)#4ff6bf11#1'
- (3592 ms) - 2018-7-4 19:24:31[DEBUG](AbstractAutowireCapableBeanFactory.java:460) Finished creating instance of bean '(inner bean)#4ff6bf11#1'
- (3592 ms) - 2018-7-4 19:24:31[DEBUG](AbstractAutowireCapableBeanFactory.java:432) Creating instance of bean '(inner bean)#674242ed#1'
- (3593 ms) - 2018-7-4 19:24:31[DEBUG](AbstractAutowireCapableBeanFactory.java:460) Finished creating instance of bean '(inner bean)#674242ed#1'
- (3594 ms) - 2018-7-4 19:24:31[DEBUG](AbstractAutowireCapableBeanFactory.java:432) Creating instance of bean '(inner bean)#3c38ebce#1'
- (3594 ms) - 2018-7-4 19:24:31[DEBUG](AbstractAutowireCapableBeanFactory.java:460) Finished creating instance of bean '(inner bean)#3c38ebce#1'
- (3595 ms) - 2018-7-4 19:24:31[DEBUG](AbstractAutowireCapableBeanFactory.java:432) Creating instance of bean '(inner bean)#7118fb52#1'
- (3595 ms) - 2018-7-4 19:24:31[DEBUG](AbstractAutowireCapableBeanFactory.java:460) Finished creating instance of bean '(inner bean)#7118fb52#1'
- (3596 ms) - 2018-7-4 19:24:31[DEBUG](AbstractAutowireCapableBeanFactory.java:432) Creating instance of bean '(inner bean)#3430263e#1'
- (3597 ms) - 2018-7-4 19:24:31[DEBUG](AbstractAutowireCapableBeanFactory.java:460) Finished creating instance of bean '(inner bean)#3430263e#1'
- (3597 ms) - 2018-7-4 19:24:31[DEBUG](AbstractAutowireCapableBeanFactory.java:432) Creating instance of bean '(inner bean)#63081849#1'
- (3598 ms) - 2018-7-4 19:24:31[DEBUG](AbstractAutowireCapableBeanFactory.java:460) Finished creating instance of bean '(inner bean)#63081849#1'
- (3598 ms) - 2018-7-4 19:24:31[DEBUG](AbstractAutowireCapableBeanFactory.java:432) Creating instance of bean '(inner bean)#11e3b232#1'
- (3599 ms) - 2018-7-4 19:24:31[DEBUG](AbstractAutowireCapableBeanFactory.java:460) Finished creating instance of bean '(inner bean)#11e3b232#1'
- (3599 ms) - 2018-7-4 19:24:31[DEBUG](AbstractAutowireCapableBeanFactory.java:1557) Invoking afterPropertiesSet() on bean with name 'org.springframework.web.servlet.mvc.method.annotation.ExceptionHandlerExceptionResolver#0'
- (3600 ms) - 2018-7-4 19:24:31[DEBUG](ExceptionHandlerExceptionResolver.java:282) Looking for exception mappings: WebApplicationContext for namespace 'spring-servlet': startup date [Wed Jul 04 19:24:31 CST 2018]; parent: Root WebApplicationContext
- (3600 ms) - 2018-7-4 19:24:31[DEBUG](AbstractAutowireCapableBeanFactory.java:460) Finished creating instance of bean 'org.springframework.web.servlet.mvc.method.annotation.ExceptionHandlerExceptionResolver#0'
- (3601 ms) - 2018-7-4 19:24:31[DEBUG](DefaultSingletonBeanRegistry.java:215) Creating shared instance of singleton bean 'org.springframework.web.servlet.mvc.annotation.ResponseStatusExceptionResolver#0'
- (3601 ms) - 2018-7-4 19:24:31[DEBUG](AbstractAutowireCapableBeanFactory.java:432) Creating instance of bean 'org.springframework.web.servlet.mvc.annotation.ResponseStatusExceptionResolver#0'
- (3601 ms) - 2018-7-4 19:24:31[DEBUG](AbstractAutowireCapableBeanFactory.java:506) Eagerly caching bean 'org.springframework.web.servlet.mvc.annotation.ResponseStatusExceptionResolver#0' to allow for resolving potential circular references
- (3607 ms) - 2018-7-4 19:24:31[DEBUG](AbstractAutowireCapableBeanFactory.java:460) Finished creating instance of bean 'org.springframework.web.servlet.mvc.annotation.ResponseStatusExceptionResolver#0'
- (3607 ms) - 2018-7-4 19:24:31[DEBUG](DefaultSingletonBeanRegistry.java:215) Creating shared instance of singleton bean 'org.springframework.web.servlet.mvc.support.DefaultHandlerExceptionResolver#0'
- (3608 ms) - 2018-7-4 19:24:31[DEBUG](AbstractAutowireCapableBeanFactory.java:432) Creating instance of bean 'org.springframework.web.servlet.mvc.support.DefaultHandlerExceptionResolver#0'
- (3609 ms) - 2018-7-4 19:24:31[DEBUG](AbstractAutowireCapableBeanFactory.java:506) Eagerly caching bean 'org.springframework.web.servlet.mvc.support.DefaultHandlerExceptionResolver#0' to allow for resolving potential circular references
- (3615 ms) - 2018-7-4 19:24:31[DEBUG](AbstractAutowireCapableBeanFactory.java:460) Finished creating instance of bean 'org.springframework.web.servlet.mvc.support.DefaultHandlerExceptionResolver#0'
- (3615 ms) - 2018-7-4 19:24:31[DEBUG](DefaultSingletonBeanRegistry.java:215) Creating shared instance of singleton bean 'org.springframework.web.servlet.handler.BeanNameUrlHandlerMapping'
- (3615 ms) - 2018-7-4 19:24:31[DEBUG](AbstractAutowireCapableBeanFactory.java:432) Creating instance of bean 'org.springframework.web.servlet.handler.BeanNameUrlHandlerMapping'
- (3616 ms) - 2018-7-4 19:24:31[DEBUG](AbstractAutowireCapableBeanFactory.java:506) Eagerly caching bean 'org.springframework.web.servlet.handler.BeanNameUrlHandlerMapping' to allow for resolving potential circular references
- (3631 ms) - 2018-7-4 19:24:32[DEBUG](AbstractBeanFactory.java:243) Returning cached instance of singleton bean 'org.springframework.web.servlet.handler.MappedInterceptor#0'
- (3632 ms) - 2018-7-4 19:24:32[DEBUG](AbstractDetectingUrlHandlerMapping.java:71) Looking for URL mappings in application context: WebApplicationContext for namespace 'spring-servlet': startup date [Wed Jul 04 19:24:31 CST 2018]; parent: Root WebApplicationContext
- (3632 ms) - 2018-7-4 19:24:32[DEBUG](AbstractDetectingUrlHandlerMapping.java:86) Rejected bean name 'easybuyNewsController': no URL paths identified
- (3633 ms) - 2018-7-4 19:24:32[DEBUG](AbstractDetectingUrlHandlerMapping.java:86) Rejected bean name 'easybuyOrderDetailController': no URL paths identified
- (3633 ms) - 2018-7-4 19:24:32[DEBUG](AbstractDetectingUrlHandlerMapping.java:86) Rejected bean name 'easybuyProductCategoryController': no URL paths identified
- (3633 ms) - 2018-7-4 19:24:32[DEBUG](AbstractDetectingUrlHandlerMapping.java:86) Rejected bean name 'easybuyProductController': no URL paths identified
- (3633 ms) - 2018-7-4 19:24:32[DEBUG](AbstractDetectingUrlHandlerMapping.java:86) Rejected bean name 'easybuyUserController': no URL paths identified
- (3633 ms) - 2018-7-4 19:24:32[DEBUG](AbstractDetectingUrlHandlerMapping.java:86) Rejected bean name 'loginController': no URL paths identified
- (3634 ms) - 2018-7-4 19:24:32[DEBUG](AbstractDetectingUrlHandlerMapping.java:86) Rejected bean name 'org.springframework.context.annotation.internalConfigurationAnnotationProcessor': no URL paths identified
- (3634 ms) - 2018-7-4 19:24:32[DEBUG](AbstractDetectingUrlHandlerMapping.java:86) Rejected bean name 'org.springframework.context.annotation.internalAutowiredAnnotationProcessor': no URL paths identified
- (3634 ms) - 2018-7-4 19:24:32[DEBUG](AbstractDetectingUrlHandlerMapping.java:86) Rejected bean name 'org.springframework.context.annotation.internalRequiredAnnotationProcessor': no URL paths identified
- (3634 ms) - 2018-7-4 19:24:32[DEBUG](AbstractDetectingUrlHandlerMapping.java:86) Rejected bean name 'org.springframework.context.annotation.internalCommonAnnotationProcessor': no URL paths identified
- (3634 ms) - 2018-7-4 19:24:32[DEBUG](AbstractDetectingUrlHandlerMapping.java:86) Rejected bean name 'mvcContentNegotiationManager': no URL paths identified
- (3635 ms) - 2018-7-4 19:24:32[DEBUG](AbstractDetectingUrlHandlerMapping.java:86) Rejected bean name 'org.springframework.web.servlet.mvc.method.annotation.RequestMappingHandlerMapping#0': no URL paths identified
- (3635 ms) - 2018-7-4 19:24:32[DEBUG](AbstractDetectingUrlHandlerMapping.java:86) Rejected bean name 'org.springframework.format.support.FormattingConversionServiceFactoryBean#0': no URL paths identified
- (3635 ms) - 2018-7-4 19:24:32[DEBUG](AbstractDetectingUrlHandlerMapping.java:86) Rejected bean name 'org.springframework.web.servlet.mvc.method.annotation.RequestMappingHandlerAdapter#0': no URL paths identified
- (3635 ms) - 2018-7-4 19:24:32[DEBUG](AbstractDetectingUrlHandlerMapping.java:86) Rejected bean name 'org.springframework.web.servlet.handler.MappedInterceptor#0': no URL paths identified
- (3635 ms) - 2018-7-4 19:24:32[DEBUG](AbstractDetectingUrlHandlerMapping.java:86) Rejected bean name 'org.springframework.web.servlet.mvc.method.annotation.ExceptionHandlerExceptionResolver#0': no URL paths identified
- (3636 ms) - 2018-7-4 19:24:32[DEBUG](AbstractDetectingUrlHandlerMapping.java:86) Rejected bean name 'org.springframework.web.servlet.mvc.annotation.ResponseStatusExceptionResolver#0': no URL paths identified
- (3636 ms) - 2018-7-4 19:24:32[DEBUG](AbstractDetectingUrlHandlerMapping.java:86) Rejected bean name 'org.springframework.web.servlet.mvc.support.DefaultHandlerExceptionResolver#0': no URL paths identified
- (3636 ms) - 2018-7-4 19:24:32[DEBUG](AbstractDetectingUrlHandlerMapping.java:86) Rejected bean name 'org.springframework.web.servlet.handler.BeanNameUrlHandlerMapping': no URL paths identified
- (3636 ms) - 2018-7-4 19:24:32[DEBUG](AbstractDetectingUrlHandlerMapping.java:86) Rejected bean name 'org.springframework.web.servlet.mvc.HttpRequestHandlerAdapter': no URL paths identified
- (3638 ms) - 2018-7-4 19:24:32[DEBUG](AbstractDetectingUrlHandlerMapping.java:86) Rejected bean name 'org.springframework.web.servlet.mvc.SimpleControllerHandlerAdapter': no URL paths identified
- (3638 ms) - 2018-7-4 19:24:32[DEBUG](AbstractDetectingUrlHandlerMapping.java:86) Rejected bean name 'org.springframework.web.servlet.resource.ResourceHttpRequestHandler#0': no URL paths identified
- (3638 ms) - 2018-7-4 19:24:32[DEBUG](AbstractDetectingUrlHandlerMapping.java:86) Rejected bean name 'org.springframework.web.servlet.handler.SimpleUrlHandlerMapping#0': no URL paths identified
- (3639 ms) - 2018-7-4 19:24:32[DEBUG](AbstractDetectingUrlHandlerMapping.java:86) Rejected bean name 'org.springframework.web.servlet.view.ContentNegotiatingViewResolver#0': no URL paths identified
- (3639 ms) - 2018-7-4 19:24:32[DEBUG](AbstractDetectingUrlHandlerMapping.java:86) Rejected bean name 'multipartResolver': no URL paths identified
- (3639 ms) - 2018-7-4 19:24:32[DEBUG](AbstractDetectingUrlHandlerMapping.java:86) Rejected bean name 'org.springframework.context.annotation.ConfigurationClassPostProcessor.importAwareProcessor': no URL paths identified
- (3639 ms) - 2018-7-4 19:24:32[DEBUG](AbstractDetectingUrlHandlerMapping.java:86) Rejected bean name 'environment': no URL paths identified
- (3640 ms) - 2018-7-4 19:24:32[DEBUG](AbstractDetectingUrlHandlerMapping.java:86) Rejected bean name 'systemProperties': no URL paths identified
- (3640 ms) - 2018-7-4 19:24:32[DEBUG](AbstractDetectingUrlHandlerMapping.java:86) Rejected bean name 'systemEnvironment': no URL paths identified
- (3640 ms) - 2018-7-4 19:24:32[DEBUG](AbstractDetectingUrlHandlerMapping.java:86) Rejected bean name 'servletConfig': no URL paths identified
- (3640 ms) - 2018-7-4 19:24:32[DEBUG](AbstractDetectingUrlHandlerMapping.java:86) Rejected bean name 'org.springframework.context.annotation.ConfigurationClassPostProcessor.importRegistry': no URL paths identified
- (3640 ms) - 2018-7-4 19:24:32[DEBUG](AbstractDetectingUrlHandlerMapping.java:86) Rejected bean name 'messageSource': no URL paths identified
- (3641 ms) - 2018-7-4 19:24:32[DEBUG](AbstractDetectingUrlHandlerMapping.java:86) Rejected bean name 'applicationEventMulticaster': no URL paths identified
- (3641 ms) - 2018-7-4 19:24:32[DEBUG](AbstractAutowireCapableBeanFactory.java:460) Finished creating instance of bean 'org.springframework.web.servlet.handler.BeanNameUrlHandlerMapping'
- (3641 ms) - 2018-7-4 19:24:32[DEBUG](DefaultSingletonBeanRegistry.java:215) Creating shared instance of singleton bean 'org.springframework.web.servlet.mvc.HttpRequestHandlerAdapter'
- (3641 ms) - 2018-7-4 19:24:32[DEBUG](AbstractAutowireCapableBeanFactory.java:432) Creating instance of bean 'org.springframework.web.servlet.mvc.HttpRequestHandlerAdapter'
- (3642 ms) - 2018-7-4 19:24:32[DEBUG](AbstractAutowireCapableBeanFactory.java:506) Eagerly caching bean 'org.springframework.web.servlet.mvc.HttpRequestHandlerAdapter' to allow for resolving potential circular references
- (3645 ms) - 2018-7-4 19:24:32[DEBUG](AbstractAutowireCapableBeanFactory.java:460) Finished creating instance of bean 'org.springframework.web.servlet.mvc.HttpRequestHandlerAdapter'
- (3645 ms) - 2018-7-4 19:24:32[DEBUG](DefaultSingletonBeanRegistry.java:215) Creating shared instance of singleton bean 'org.springframework.web.servlet.mvc.SimpleControllerHandlerAdapter'
- (3645 ms) - 2018-7-4 19:24:32[DEBUG](AbstractAutowireCapableBeanFactory.java:432) Creating instance of bean 'org.springframework.web.servlet.mvc.SimpleControllerHandlerAdapter'
- (3646 ms) - 2018-7-4 19:24:32[DEBUG](AbstractAutowireCapableBeanFactory.java:506) Eagerly caching bean 'org.springframework.web.servlet.mvc.SimpleControllerHandlerAdapter' to allow for resolving potential circular references
- (3649 ms) - 2018-7-4 19:24:32[DEBUG](AbstractAutowireCapableBeanFactory.java:460) Finished creating instance of bean 'org.springframework.web.servlet.mvc.SimpleControllerHandlerAdapter'
- (3663 ms) - 2018-7-4 19:24:32[DEBUG](DefaultSingletonBeanRegistry.java:215) Creating shared instance of singleton bean 'org.springframework.web.servlet.resource.ResourceHttpRequestHandler#0'
- (3663 ms) - 2018-7-4 19:24:32[DEBUG](AbstractAutowireCapableBeanFactory.java:432) Creating instance of bean 'org.springframework.web.servlet.resource.ResourceHttpRequestHandler#0'
- (3664 ms) - 2018-7-4 19:24:32[DEBUG](AbstractAutowireCapableBeanFactory.java:506) Eagerly caching bean 'org.springframework.web.servlet.resource.ResourceHttpRequestHandler#0' to allow for resolving potential circular references
- (3672 ms) - 2018-7-4 19:24:32[DEBUG](AbstractAutowireCapableBeanFactory.java:1557) Invoking afterPropertiesSet() on bean with name 'org.springframework.web.servlet.resource.ResourceHttpRequestHandler#0'
- (3672 ms) - 2018-7-4 19:24:32[DEBUG](AbstractAutowireCapableBeanFactory.java:460) Finished creating instance of bean 'org.springframework.web.servlet.resource.ResourceHttpRequestHandler#0'
- (3673 ms) - 2018-7-4 19:24:32[DEBUG](DefaultSingletonBeanRegistry.java:215) Creating shared instance of singleton bean 'org.springframework.web.servlet.handler.SimpleUrlHandlerMapping#0'
- (3673 ms) - 2018-7-4 19:24:32[DEBUG](AbstractAutowireCapableBeanFactory.java:432) Creating instance of bean 'org.springframework.web.servlet.handler.SimpleUrlHandlerMapping#0'
- (3674 ms) - 2018-7-4 19:24:32[DEBUG](AbstractAutowireCapableBeanFactory.java:506) Eagerly caching bean 'org.springframework.web.servlet.handler.SimpleUrlHandlerMapping#0' to allow for resolving potential circular references
- (3683 ms) - 2018-7-4 19:24:32[DEBUG](AbstractBeanFactory.java:243) Returning cached instance of singleton bean 'org.springframework.web.servlet.handler.MappedInterceptor#0'
- (3684 ms) - 2018-7-4 19:24:32[DEBUG](AbstractBeanFactory.java:243) Returning cached instance of singleton bean 'org.springframework.web.servlet.resource.ResourceHttpRequestHandler#0'
- (3684 ms) - 2018-7-4 19:24:32[ INFO](AbstractUrlHandlerMapping.java:315) Mapped URL path [/statics/**] onto handler 'org.springframework.web.servlet.resource.ResourceHttpRequestHandler#0'
- (3684 ms) - 2018-7-4 19:24:32[DEBUG](AbstractAutowireCapableBeanFactory.java:460) Finished creating instance of bean 'org.springframework.web.servlet.handler.SimpleUrlHandlerMapping#0'
- (3684 ms) - 2018-7-4 19:24:32[DEBUG](DefaultSingletonBeanRegistry.java:215) Creating shared instance of singleton bean 'org.springframework.web.servlet.view.ContentNegotiatingViewResolver#0'
- (3685 ms) - 2018-7-4 19:24:32[DEBUG](AbstractAutowireCapableBeanFactory.java:432) Creating instance of bean 'org.springframework.web.servlet.view.ContentNegotiatingViewResolver#0'
- (3687 ms) - 2018-7-4 19:24:32[DEBUG](AbstractAutowireCapableBeanFactory.java:506) Eagerly caching bean 'org.springframework.web.servlet.view.ContentNegotiatingViewResolver#0' to allow for resolving potential circular references
- (3698 ms) - 2018-7-4 19:24:32[DEBUG](AbstractAutowireCapableBeanFactory.java:432) Creating instance of bean 'org.springframework.web.servlet.view.InternalResourceViewResolver#141dac9e'
- (3724 ms) - 2018-7-4 19:24:32[DEBUG](AbstractAutowireCapableBeanFactory.java:460) Finished creating instance of bean 'org.springframework.web.servlet.view.InternalResourceViewResolver#141dac9e'
- (3725 ms) - 2018-7-4 19:24:32[DEBUG](AbstractBeanFactory.java:239) Returning eagerly cached instance of singleton bean 'org.springframework.web.servlet.view.ContentNegotiatingViewResolver#0' that is not fully initialized yet - a consequence of a circular reference
- (3725 ms) - 2018-7-4 19:24:32[DEBUG](AbstractAutowireCapableBeanFactory.java:1557) Invoking afterPropertiesSet() on bean with name 'org.springframework.web.servlet.view.ContentNegotiatingViewResolver#0'
- (3730 ms) - 2018-7-4 19:24:32[DEBUG](AbstractAutowireCapableBeanFactory.java:460) Finished creating instance of bean 'org.springframework.web.servlet.view.ContentNegotiatingViewResolver#0'
- (3731 ms) - 2018-7-4 19:24:32[DEBUG](DefaultSingletonBeanRegistry.java:215) Creating shared instance of singleton bean 'multipartResolver'
- (3731 ms) - 2018-7-4 19:24:32[DEBUG](AbstractAutowireCapableBeanFactory.java:432) Creating instance of bean 'multipartResolver'
- (3754 ms) - 2018-7-4 19:24:32[DEBUG](AbstractAutowireCapableBeanFactory.java:506) Eagerly caching bean 'multipartResolver' to allow for resolving potential circular references
- (3759 ms) - 2018-7-4 19:24:32[DEBUG](AbstractAutowireCapableBeanFactory.java:460) Finished creating instance of bean 'multipartResolver'
- (3759 ms) - 2018-7-4 19:24:32[DEBUG](AbstractBeanFactory.java:243) Returning cached instance of singleton bean 'org.springframework.context.annotation.ConfigurationClassPostProcessor.importAwareProcessor'
- (3760 ms) - 2018-7-4 19:24:32[DEBUG](AbstractApplicationContext.java:860) Unable to locate LifecycleProcessor with name 'lifecycleProcessor': using default [org.springframework.context.support.DefaultLifecycleProcessor@95a72fb]
- (3761 ms) - 2018-7-4 19:24:32[DEBUG](AbstractBeanFactory.java:243) Returning cached instance of singleton bean 'lifecycleProcessor'
- (3762 ms) - 2018-7-4 19:24:32[DEBUG](AbstractBeanFactory.java:243) Returning cached instance of singleton bean 'multipartResolver'
- (3763 ms) - 2018-7-4 19:24:32[DEBUG](DispatcherServlet.java:457) Using MultipartResolver [org.springframework.web.multipart.commons.CommonsMultipartResolver@1a2247e1]
- (3765 ms) - 2018-7-4 19:24:32[DEBUG](AbstractAutowireCapableBeanFactory.java:432) Creating instance of bean 'org.springframework.web.servlet.i18n.AcceptHeaderLocaleResolver'
- (3769 ms) - 2018-7-4 19:24:32[DEBUG](AbstractAutowireCapableBeanFactory.java:460) Finished creating instance of bean 'org.springframework.web.servlet.i18n.AcceptHeaderLocaleResolver'
- (3770 ms) - 2018-7-4 19:24:32[DEBUG](DispatcherServlet.java:486) Unable to locate LocaleResolver with name 'localeResolver': using default [org.springframework.web.servlet.i18n.AcceptHeaderLocaleResolver@6f2da19d]
- (3772 ms) - 2018-7-4 19:24:32[DEBUG](AbstractAutowireCapableBeanFactory.java:432) Creating instance of bean 'org.springframework.web.servlet.theme.FixedThemeResolver'
- (3782 ms) - 2018-7-4 19:24:32[DEBUG](AbstractAutowireCapableBeanFactory.java:460) Finished creating instance of bean 'org.springframework.web.servlet.theme.FixedThemeResolver'
- (3783 ms) - 2018-7-4 19:24:32[DEBUG](DispatcherServlet.java:508) Unable to locate ThemeResolver with name 'themeResolver': using default [org.springframework.web.servlet.theme.FixedThemeResolver@77a510ce]
- (3783 ms) - 2018-7-4 19:24:32[DEBUG](AbstractBeanFactory.java:243) Returning cached instance of singleton bean 'org.springframework.web.servlet.mvc.method.annotation.RequestMappingHandlerMapping#0'
- (3784 ms) - 2018-7-4 19:24:32[DEBUG](AbstractBeanFactory.java:243) Returning cached instance of singleton bean 'org.springframework.web.servlet.handler.BeanNameUrlHandlerMapping'
- (3784 ms) - 2018-7-4 19:24:32[DEBUG](AbstractBeanFactory.java:243) Returning cached instance of singleton bean 'org.springframework.web.servlet.handler.SimpleUrlHandlerMapping#0'
- (3785 ms) - 2018-7-4 19:24:32[DEBUG](AbstractBeanFactory.java:243) Returning cached instance of singleton bean 'org.springframework.web.servlet.mvc.method.annotation.RequestMappingHandlerAdapter#0'
- (3785 ms) - 2018-7-4 19:24:32[DEBUG](AbstractBeanFactory.java:243) Returning cached instance of singleton bean 'org.springframework.web.servlet.mvc.HttpRequestHandlerAdapter'
- (3785 ms) - 2018-7-4 19:24:32[DEBUG](AbstractBeanFactory.java:243) Returning cached instance of singleton bean 'org.springframework.web.servlet.mvc.SimpleControllerHandlerAdapter'
- (3786 ms) - 2018-7-4 19:24:32[DEBUG](AbstractBeanFactory.java:243) Returning cached instance of singleton bean 'org.springframework.web.servlet.mvc.method.annotation.ExceptionHandlerExceptionResolver#0'
- (3786 ms) - 2018-7-4 19:24:32[DEBUG](AbstractBeanFactory.java:243) Returning cached instance of singleton bean 'org.springframework.web.servlet.mvc.annotation.ResponseStatusExceptionResolver#0'
- (3786 ms) - 2018-7-4 19:24:32[DEBUG](AbstractBeanFactory.java:243) Returning cached instance of singleton bean 'org.springframework.web.servlet.mvc.support.DefaultHandlerExceptionResolver#0'
- (3787 ms) - 2018-7-4 19:24:32[DEBUG](AbstractAutowireCapableBeanFactory.java:432) Creating instance of bean 'org.springframework.web.servlet.view.DefaultRequestToViewNameTranslator'
- (3791 ms) - 2018-7-4 19:24:32[DEBUG](AbstractAutowireCapableBeanFactory.java:460) Finished creating instance of bean 'org.springframework.web.servlet.view.DefaultRequestToViewNameTranslator'
- (3792 ms) - 2018-7-4 19:24:32[DEBUG](DispatcherServlet.java:646) Unable to locate RequestToViewNameTranslator with name 'viewNameTranslator': using default [org.springframework.web.servlet.view.DefaultRequestToViewNameTranslator@10efa685]
- (3792 ms) - 2018-7-4 19:24:32[DEBUG](AbstractBeanFactory.java:243) Returning cached instance of singleton bean 'org.springframework.web.servlet.view.ContentNegotiatingViewResolver#0'
- (3796 ms) - 2018-7-4 19:24:32[DEBUG](AbstractAutowireCapableBeanFactory.java:432) Creating instance of bean 'org.springframework.web.servlet.support.SessionFlashMapManager'
- (3802 ms) - 2018-7-4 19:24:32[DEBUG](AbstractAutowireCapableBeanFactory.java:460) Finished creating instance of bean 'org.springframework.web.servlet.support.SessionFlashMapManager'
- (3803 ms) - 2018-7-4 19:24:32[DEBUG](DispatcherServlet.java:708) Unable to locate FlashMapManager with name 'flashMapManager': using default [org.springframework.web.servlet.support.SessionFlashMapManager@6c9d5f29]
- (3803 ms) - 2018-7-4 19:24:32[DEBUG](PropertySourcesPropertyResolver.java:81) Searching for key 'spring.liveBeansView.mbeanDomain' in [servletConfigInitParams]
- (3803 ms) - 2018-7-4 19:24:32[DEBUG](PropertySourcesPropertyResolver.java:81) Searching for key 'spring.liveBeansView.mbeanDomain' in [servletContextInitParams]
- (3803 ms) - 2018-7-4 19:24:32[DEBUG](PropertySourcesPropertyResolver.java:81) Searching for key 'spring.liveBeansView.mbeanDomain' in [jndiProperties]
- (3804 ms) - 2018-7-4 19:24:32[DEBUG](JndiTemplate.java:150) Looking up JNDI object with name [java:comp/env/spring.liveBeansView.mbeanDomain]
- (3804 ms) - 2018-7-4 19:24:32[DEBUG](JndiLocatorSupport.java:101) Converted JNDI name [java:comp/env/spring.liveBeansView.mbeanDomain] not found - trying original name [spring.liveBeansView.mbeanDomain]. javax.naming.NameNotFoundException: Name [spring.liveBeansView.mbeanDomain] is not bound in this Context. Unable to find [spring.liveBeansView.mbeanDomain].
- (3804 ms) - 2018-7-4 19:24:32[DEBUG](JndiTemplate.java:150) Looking up JNDI object with name [spring.liveBeansView.mbeanDomain]
- (3805 ms) - 2018-7-4 19:24:32[DEBUG](JndiPropertySource.java:90) JNDI lookup for name [spring.liveBeansView.mbeanDomain] threw NamingException with message: Name [spring.liveBeansView.mbeanDomain] is not bound in this Context. Unable to find [spring.liveBeansView.mbeanDomain].. Returning null.
- (3805 ms) - 2018-7-4 19:24:32[DEBUG](PropertySourcesPropertyResolver.java:81) Searching for key 'spring.liveBeansView.mbeanDomain' in [systemProperties]
- (3805 ms) - 2018-7-4 19:24:32[DEBUG](PropertySourcesPropertyResolver.java:81) Searching for key 'spring.liveBeansView.mbeanDomain' in [systemEnvironment]
- (3805 ms) - 2018-7-4 19:24:32[DEBUG](PropertySourcesPropertyResolver.java:103) Could not find key 'spring.liveBeansView.mbeanDomain' in any property source. Returning [null]
- (3805 ms) - 2018-7-4 19:24:32[DEBUG](FrameworkServlet.java:536) Published WebApplicationContext of servlet 'spring' as ServletContext attribute with name [org.springframework.web.servlet.FrameworkServlet.CONTEXT.spring]
- (3806 ms) - 2018-7-4 19:24:32[ INFO](FrameworkServlet.java:476) FrameworkServlet 'spring': initialization completed in 1085 ms
- (3806 ms) - 2018-7-4 19:24:32[DEBUG](HttpServletBean.java:139) Servlet 'spring' configured successfully
- (5248 ms) - 2018-7-4 19:24:33[DEBUG](DispatcherServlet.java:819) DispatcherServlet with name 'spring' processing GET request for [/main]
- (5251 ms) - 2018-7-4 19:24:33[DEBUG](AbstractHandlerMethodMapping.java:229) Looking up handler method for path /main
- (5255 ms) - 2018-7-4 19:24:33[DEBUG](AbstractHandlerMethodMapping.java:234) Returning handler method [public java.lang.String cn.qzt.controller.LoginController.main(javax.servlet.http.HttpServletRequest,org.springframework.ui.Model)]
- (5255 ms) - 2018-7-4 19:24:33[DEBUG](AbstractBeanFactory.java:243) Returning cached instance of singleton bean 'loginController'
- (5256 ms) - 2018-7-4 19:24:33[DEBUG](DispatcherServlet.java:906) Last-Modified value for [/main] is: -1
- (5303 ms) - 2018-7-4 19:24:33[DEBUG](AbstractPlatformTransactionManager.java:366) Creating new transaction with name [cn.qzt.service.impl.EasybuyProductCategoryServiceImpl.getCategory]: PROPAGATION_REQUIRED,ISOLATION_DEFAULT
- (5682 ms) - 2018-7-4 19:24:34[DEBUG](DataSourceTransactionManager.java:204) Acquired Connection [jdbc:mysql://127.0.0.1:3306/easybuy?useUnicode=true&characterEncoding=utf-8, UserName=root@localhost, MySQL Connector Java] for JDBC transaction
- (5692 ms) - 2018-7-4 19:24:34[DEBUG](DataSourceTransactionManager.java:221) Switching JDBC Connection [jdbc:mysql://127.0.0.1:3306/easybuy?useUnicode=true&characterEncoding=utf-8, UserName=root@localhost, MySQL Connector Java] to manual commit
- (5719 ms) - 2018-7-4 19:24:34[DEBUG](SqlSessionUtils.java:99) Creating a new SqlSession
- (5728 ms) - 2018-7-4 19:24:34[DEBUG](SqlSessionUtils.java:130) Registering transaction synchronization for SqlSession [org.apache.ibatis.session.defaults.DefaultSqlSession@30b59650]
- (5743 ms) - 2018-7-4 19:24:34[DEBUG](SpringManagedTransaction.java:89) JDBC Connection [jdbc:mysql://127.0.0.1:3306/easybuy?useUnicode=true&characterEncoding=utf-8, UserName=root@localhost, MySQL Connector Java] will be managed by Spring
- (5749 ms) - 2018-7-4 19:24:34[DEBUG](BaseJdbcLogger.java:159) ==>  Preparing: SELECT * FROM easybuy_product_category 
- (5773 ms) - 2018-7-4 19:24:34[DEBUG](BaseJdbcLogger.java:159) ==> Parameters: 
- (5798 ms) - 2018-7-4 19:24:34[DEBUG](BaseJdbcLogger.java:159) <==      Total: 38
- (5802 ms) - 2018-7-4 19:24:34[DEBUG](SqlSessionUtils.java:188) Releasing transactional SqlSession [org.apache.ibatis.session.defaults.DefaultSqlSession@30b59650]
- (5802 ms) - 2018-7-4 19:24:34[DEBUG](SqlSessionUtils.java:286) Transaction synchronization committing SqlSession [org.apache.ibatis.session.defaults.DefaultSqlSession@30b59650]
- (5802 ms) - 2018-7-4 19:24:34[DEBUG](SqlSessionUtils.java:312) Transaction synchronization deregistering SqlSession [org.apache.ibatis.session.defaults.DefaultSqlSession@30b59650]
- (5802 ms) - 2018-7-4 19:24:34[DEBUG](SqlSessionUtils.java:317) Transaction synchronization closing SqlSession [org.apache.ibatis.session.defaults.DefaultSqlSession@30b59650]
- (5803 ms) - 2018-7-4 19:24:34[DEBUG](AbstractPlatformTransactionManager.java:753) Initiating transaction commit
- (5804 ms) - 2018-7-4 19:24:34[DEBUG](DataSourceTransactionManager.java:267) Committing JDBC transaction on Connection [jdbc:mysql://127.0.0.1:3306/easybuy?useUnicode=true&characterEncoding=utf-8, UserName=root@localhost, MySQL Connector Java]
- (5806 ms) - 2018-7-4 19:24:34[DEBUG](DataSourceTransactionManager.java:325) Releasing JDBC Connection [jdbc:mysql://127.0.0.1:3306/easybuy?useUnicode=true&characterEncoding=utf-8, UserName=root@localhost, MySQL Connector Java] after transaction
- (5806 ms) - 2018-7-4 19:24:34[DEBUG](DataSourceUtils.java:327) Returning JDBC Connection to DataSource
- (5808 ms) - 2018-7-4 19:24:34[DEBUG](AbstractPlatformTransactionManager.java:366) Creating new transaction with name [cn.qzt.service.impl.EasybuyNewsServiceImpl.getNewsList]: PROPAGATION_REQUIRED,ISOLATION_DEFAULT
- (5809 ms) - 2018-7-4 19:24:34[DEBUG](DataSourceTransactionManager.java:204) Acquired Connection [jdbc:mysql://127.0.0.1:3306/easybuy?useUnicode=true&characterEncoding=utf-8, UserName=root@localhost, MySQL Connector Java] for JDBC transaction
- (5811 ms) - 2018-7-4 19:24:34[DEBUG](DataSourceTransactionManager.java:221) Switching JDBC Connection [jdbc:mysql://127.0.0.1:3306/easybuy?useUnicode=true&characterEncoding=utf-8, UserName=root@localhost, MySQL Connector Java] to manual commit
- (5819 ms) - 2018-7-4 19:24:34[DEBUG](SqlSessionUtils.java:99) Creating a new SqlSession
- (5819 ms) - 2018-7-4 19:24:34[DEBUG](SqlSessionUtils.java:130) Registering transaction synchronization for SqlSession [org.apache.ibatis.session.defaults.DefaultSqlSession@1eb62ff5]
- (5821 ms) - 2018-7-4 19:24:34[DEBUG](SpringManagedTransaction.java:89) JDBC Connection [jdbc:mysql://127.0.0.1:3306/easybuy?useUnicode=true&characterEncoding=utf-8, UserName=root@localhost, MySQL Connector Java] will be managed by Spring
- (5821 ms) - 2018-7-4 19:24:34[DEBUG](BaseJdbcLogger.java:159) ==>  Preparing: SELECT * FROM easybuy_news ORDER BY id DESC LIMIT ?; 
- (5822 ms) - 2018-7-4 19:24:34[DEBUG](BaseJdbcLogger.java:159) ==> Parameters: 5(Integer)
- (5825 ms) - 2018-7-4 19:24:34[DEBUG](BaseJdbcLogger.java:159) <==      Total: 5
- (5826 ms) - 2018-7-4 19:24:34[DEBUG](SqlSessionUtils.java:188) Releasing transactional SqlSession [org.apache.ibatis.session.defaults.DefaultSqlSession@1eb62ff5]
- (5826 ms) - 2018-7-4 19:24:34[DEBUG](SqlSessionUtils.java:286) Transaction synchronization committing SqlSession [org.apache.ibatis.session.defaults.DefaultSqlSession@1eb62ff5]
- (5827 ms) - 2018-7-4 19:24:34[DEBUG](SqlSessionUtils.java:312) Transaction synchronization deregistering SqlSession [org.apache.ibatis.session.defaults.DefaultSqlSession@1eb62ff5]
- (5827 ms) - 2018-7-4 19:24:34[DEBUG](SqlSessionUtils.java:317) Transaction synchronization closing SqlSession [org.apache.ibatis.session.defaults.DefaultSqlSession@1eb62ff5]
- (5827 ms) - 2018-7-4 19:24:34[DEBUG](AbstractPlatformTransactionManager.java:753) Initiating transaction commit
- (5829 ms) - 2018-7-4 19:24:34[DEBUG](DataSourceTransactionManager.java:267) Committing JDBC transaction on Connection [jdbc:mysql://127.0.0.1:3306/easybuy?useUnicode=true&characterEncoding=utf-8, UserName=root@localhost, MySQL Connector Java]
- (5832 ms) - 2018-7-4 19:24:34[DEBUG](DataSourceTransactionManager.java:325) Releasing JDBC Connection [jdbc:mysql://127.0.0.1:3306/easybuy?useUnicode=true&characterEncoding=utf-8, UserName=root@localhost, MySQL Connector Java] after transaction
- (5832 ms) - 2018-7-4 19:24:34[DEBUG](DataSourceUtils.java:327) Returning JDBC Connection to DataSource
- (5838 ms) - 2018-7-4 19:24:34[DEBUG](ContentNegotiatingViewResolver.java:324) Requested media types are [text/html, image/gif, image/jpeg, */*;q=.2] based on Accept header types and producible media types [*/*])
- (5841 ms) - 2018-7-4 19:24:34[DEBUG](AbstractAutowireCapableBeanFactory.java:1557) Invoking afterPropertiesSet() on bean with name 'main'
- (5842 ms) - 2018-7-4 19:24:34[DEBUG](ContentNegotiatingViewResolver.java:399) Returning [org.springframework.web.servlet.view.JstlView: name 'main'; URL [/WEB-INF/jsp/main.jsp]] based on requested media type 'text/html'
- (5842 ms) - 2018-7-4 19:24:34[DEBUG](DispatcherServlet.java:1198) Rendering view [org.springframework.web.servlet.view.JstlView: name 'main'; URL [/WEB-INF/jsp/main.jsp]] in DispatcherServlet with name 'spring'
- (5842 ms) - 2018-7-4 19:24:34[DEBUG](AbstractView.java:375) Added model object 'categoryList' of type [java.util.ArrayList] to request in view with name 'main'
- (5842 ms) - 2018-7-4 19:24:34[DEBUG](AbstractView.java:375) Added model object 'newsList' of type [java.util.ArrayList] to request in view with name 'main'
- (5848 ms) - 2018-7-4 19:24:34[DEBUG](InternalResourceView.java:236) Forwarding to resource [/WEB-INF/jsp/main.jsp] in InternalResourceView 'main'
- (6421 ms) - 2018-7-4 19:24:34[DEBUG](FrameworkServlet.java:983) Successfully completed request
- (6422 ms) - 2018-7-4 19:24:34[DEBUG](AbstractBeanFactory.java:243) Returning cached instance of singleton bean 'sqlSessionFactoryBean'
- (9541 ms) - 2018-7-4 19:24:37[DEBUG](DispatcherServlet.java:819) DispatcherServlet with name 'spring' processing GET request for [/favicon.ico]
- (9541 ms) - 2018-7-4 19:24:37[DEBUG](AbstractHandlerMethodMapping.java:229) Looking up handler method for path /favicon.ico
- (9544 ms) - 2018-7-4 19:24:37[DEBUG](AbstractHandlerMethodMapping.java:237) Did not find handler method for [/favicon.ico]
- (9546 ms) - 2018-7-4 19:24:37[ WARN](DispatcherServlet.java:1101) No mapping found for HTTP request with URI [/favicon.ico] in DispatcherServlet with name 'spring'
- (9546 ms) - 2018-7-4 19:24:37[DEBUG](FrameworkServlet.java:983) Successfully completed request
- (130166 ms) - 2018-7-4 19:26:38[ INFO](AbstractApplicationContext.java:1044) Closing WebApplicationContext for namespace 'spring-servlet': startup date [Wed Jul 04 19:24:31 CST 2018]; parent: Root WebApplicationContext
- (130168 ms) - 2018-7-4 19:26:38[DEBUG](AbstractBeanFactory.java:243) Returning cached instance of singleton bean 'sqlSessionFactoryBean'
- (130169 ms) - 2018-7-4 19:26:38[DEBUG](AbstractBeanFactory.java:243) Returning cached instance of singleton bean 'lifecycleProcessor'
- (130170 ms) - 2018-7-4 19:26:38[ INFO](DefaultSingletonBeanRegistry.java:444) Destroying singletons in org.springframework.beans.factory.support.DefaultListableBeanFactory@73925fb6: defining beans [easybuyNewsController,easybuyOrderDetailController,easybuyProductCategoryController,easybuyProductController,easybuyUserController,loginController,org.springframework.context.annotation.internalConfigurationAnnotationProcessor,org.springframework.context.annotation.internalAutowiredAnnotationProcessor,org.springframework.context.annotation.internalRequiredAnnotationProcessor,org.springframework.context.annotation.internalCommonAnnotationProcessor,mvcContentNegotiationManager,org.springframework.web.servlet.mvc.method.annotation.RequestMappingHandlerMapping#0,org.springframework.format.support.FormattingConversionServiceFactoryBean#0,org.springframework.web.servlet.mvc.method.annotation.RequestMappingHandlerAdapter#0,org.springframework.web.servlet.handler.MappedInterceptor#0,org.springframework.web.servlet.mvc.method.annotation.ExceptionHandlerExceptionResolver#0,org.springframework.web.servlet.mvc.annotation.ResponseStatusExceptionResolver#0,org.springframework.web.servlet.mvc.support.DefaultHandlerExceptionResolver#0,org.springframework.web.servlet.handler.BeanNameUrlHandlerMapping,org.springframework.web.servlet.mvc.HttpRequestHandlerAdapter,org.springframework.web.servlet.mvc.SimpleControllerHandlerAdapter,org.springframework.web.servlet.resource.ResourceHttpRequestHandler#0,org.springframework.web.servlet.handler.SimpleUrlHandlerMapping#0,org.springframework.web.servlet.view.ContentNegotiatingViewResolver#0,multipartResolver,org.springframework.context.annotation.ConfigurationClassPostProcessor.importAwareProcessor]; parent: org.springframework.beans.factory.support.DefaultListableBeanFactory@21940788
- (130172 ms) - 2018-7-4 19:26:38[DEBUG](DefaultSingletonBeanRegistry.java:500) Retrieved dependent beans for bean 'org.springframework.web.servlet.view.InternalResourceViewResolver#141dac9e': [org.springframework.web.servlet.view.ContentNegotiatingViewResolver#0]
- (130173 ms) - 2018-7-4 19:26:38[DEBUG](DefaultSingletonBeanRegistry.java:500) Retrieved dependent beans for bean '(inner bean)#4ff6bf11#1': [org.springframework.web.servlet.mvc.method.annotation.ExceptionHandlerExceptionResolver#0]
- (130174 ms) - 2018-7-4 19:26:38[DEBUG](DefaultSingletonBeanRegistry.java:500) Retrieved dependent beans for bean '(inner bean)#188845d0': [org.springframework.web.servlet.mvc.method.annotation.RequestMappingHandlerAdapter#0]
- (130175 ms) - 2018-7-4 19:26:38[DEBUG](DefaultSingletonBeanRegistry.java:500) Retrieved dependent beans for bean '(inner bean)#fdb3bb6': [org.springframework.web.servlet.handler.MappedInterceptor#0]
